  [1m[35m (193.3ms)[0m  [1m[35mCREATE DATABASE "Quack_development" ENCODING = 'unicode'[0m
  ↳ bin/rails:9
  [1m[35m (119.0ms)[0m  [1m[35mCREATE DATABASE "Quack_test" ENCODING = 'unicode'[0m
  ↳ bin/rails:9
  [1m[35m (50.2ms)[0m  [1m[35mCREATE TABLE "schema_migrations" ("version" character varying NOT NULL PRIMARY KEY)[0m
  ↳ bin/rails:9
  [1m[35m (9.2ms)[0m  [1m[35mCREATE TABLE "ar_internal_metadata" ("key" character varying NOT NULL PRIMARY KEY, "value" character varying, "created_at" timestamp NOT NULL, "updated_at" timestamp NOT NULL)[0m
  ↳ bin/rails:9
  [1m[35m (1.4ms)[0m  [1m[34mSELECT pg_try_advisory_lock(5740015332270205035)[0m
  ↳ bin/rails:9
  [1m[35m (1.8ms)[0m  [1m[34mSELECT "schema_migrations"."version" FROM "schema_migrations" ORDER BY "schema_migrations"."version" ASC[0m
  ↳ bin/rails:9
Migrating to CreateUsers (20201207225904)
  [1m[35m (2.6ms)[0m  [1m[35mBEGIN[0m
  ↳ bin/rails:9
  [1m[35m (11.4ms)[0m  [1m[35mCREATE TABLE "users" ("id" bigserial primary key, "username" character varying NOT NULL, "email" character varying NOT NULL, "password_digest" character varying NOT NULL, "session_token" character varying NOT NULL, "created_at" timestamp NOT NULL, "updated_at" timestamp NOT NULL)[0m
  ↳ db/migrate/20201207225904_create_users.rb:3
  [1m[35m (1.1ms)[0m  [1m[35mCREATE UNIQUE INDEX  "index_users_on_session_token" ON "users"  ("session_token")[0m
  ↳ db/migrate/20201207225904_create_users.rb:10
  [1m[35m (1.0ms)[0m  [1m[35mCREATE UNIQUE INDEX  "index_users_on_username" ON "users"  ("username")[0m
  ↳ db/migrate/20201207225904_create_users.rb:11
  [1m[35m (2.3ms)[0m  [1m[35mCREATE UNIQUE INDEX  "index_users_on_email" ON "users"  ("email")[0m
  ↳ db/migrate/20201207225904_create_users.rb:12
  [1m[36mActiveRecord::SchemaMigration Create (4.6ms)[0m  [1m[32mINSERT INTO "schema_migrations" ("version") VALUES ($1) RETURNING "version"[0m  [["version", "20201207225904"]]
  ↳ bin/rails:9
  [1m[35m (1.0ms)[0m  [1m[35mCOMMIT[0m
  ↳ bin/rails:9
  [1m[36mActiveRecord::InternalMetadata Load (0.4ms)[0m  [1m[34mSELECT  "ar_internal_metadata".* FROM "ar_internal_metadata" WHERE "ar_internal_metadata"."key" = $1 LIMIT $2[0m  [["key", "environment"], ["LIMIT", 1]]
  ↳ bin/rails:9
  [1m[35m (0.2ms)[0m  [1m[35mBEGIN[0m
  ↳ bin/rails:9
  [1m[36mActiveRecord::InternalMetadata Create (1.9ms)[0m  [1m[32mINSERT INTO "ar_internal_metadata" ("key", "value", "created_at", "updated_at") VALUES ($1, $2, $3, $4) RETURNING "key"[0m  [["key", "environment"], ["value", "development"], ["created_at", "2020-12-07 23:05:51.211120"], ["updated_at", "2020-12-07 23:05:51.211120"]]
  ↳ bin/rails:9
  [1m[35m (0.2ms)[0m  [1m[35mCOMMIT[0m
  ↳ bin/rails:9
  [1m[35m (0.2ms)[0m  [1m[34mSELECT pg_advisory_unlock(5740015332270205035)[0m
  ↳ bin/rails:9
  [1m[35m (0.2ms)[0m  [1m[34mSELECT "schema_migrations"."version" FROM "schema_migrations" ORDER BY "schema_migrations"."version" ASC[0m
  ↳ bin/rails:9
Started GET "/" for ::1 at 2020-12-08 11:58:04 -0800
  [1m[35m (3.7ms)[0m  [1m[34mSELECT "schema_migrations"."version" FROM "schema_migrations" ORDER BY "schema_migrations"."version" ASC[0m
  ↳ /Users/sanyung/.rbenv/versions/2.5.1/lib/ruby/gems/2.5.0/gems/activerecord-5.2.4.4/lib/active_record/log_subscriber.rb:98

SyntaxError - syntax error, unexpected end-of-input, expecting keyword_end:
  app/controllers/application_controller.rb:30:in `'
  app/controllers/static_pages_controller.rb:1:in `<top (required)>'

Started POST "/__better_errors/38df960b4a81eb7c/variables" for ::1 at 2020-12-08 11:58:05 -0800
Started GET "/" for ::1 at 2020-12-08 12:02:25 -0800

SyntaxError - syntax error, unexpected end-of-input, expecting keyword_end:
  app/controllers/application_controller.rb:30:in `'
  app/controllers/static_pages_controller.rb:1:in `<top (required)>'

Started POST "/__better_errors/e7d5bb41206c8c2e/variables" for ::1 at 2020-12-08 12:02:25 -0800
Started GET "/" for ::1 at 2020-12-08 12:03:33 -0800
Processing by StaticPagesController#root as HTML
  Rendering static_pages/root.html.erb within layouts/application
  Rendered static_pages/root.html.erb within layouts/application (1.9ms)
Completed 200 OK in 1425ms (Views: 1418.0ms | ActiveRecord: 0.0ms)


Started GET "/" for ::1 at 2020-12-08 12:03:35 -0800
Processing by StaticPagesController#root as HTML
  Rendering static_pages/root.html.erb within layouts/application
  Rendered static_pages/root.html.erb within layouts/application (0.3ms)
Completed 200 OK in 24ms (Views: 21.9ms | ActiveRecord: 0.0ms)


Started GET "/" for ::1 at 2020-12-08 12:06:12 -0800
Processing by StaticPagesController#root as HTML
  Rendering static_pages/root.html.erb within layouts/application
  Rendered static_pages/root.html.erb within layouts/application (0.4ms)
Completed 200 OK in 315ms (Views: 310.8ms | ActiveRecord: 0.0ms)


Started GET "/" for ::1 at 2020-12-08 12:08:43 -0800
Processing by StaticPagesController#root as HTML
  Rendering static_pages/root.html.erb within layouts/application
  Rendered static_pages/root.html.erb within layouts/application (0.4ms)
Completed 200 OK in 344ms (Views: 341.3ms | ActiveRecord: 0.0ms)


Started GET "/" for ::1 at 2020-12-08 12:09:21 -0800
Processing by StaticPagesController#root as HTML
  Rendering static_pages/root.html.erb within layouts/application
  Rendered static_pages/root.html.erb within layouts/application (0.5ms)
Completed 200 OK in 358ms (Views: 353.2ms | ActiveRecord: 0.0ms)


Started GET "/" for ::1 at 2020-12-08 12:11:08 -0800
Processing by StaticPagesController#root as HTML
  Rendering static_pages/root.html.erb within layouts/application
  Rendered static_pages/root.html.erb within layouts/application (0.4ms)
Completed 200 OK in 42ms (Views: 37.9ms | ActiveRecord: 0.0ms)


Started GET "/" for ::1 at 2020-12-08 12:12:15 -0800
Processing by StaticPagesController#root as HTML
  Rendering static_pages/root.html.erb within layouts/application
  Rendered static_pages/root.html.erb within layouts/application (0.5ms)
Completed 200 OK in 447ms (Views: 436.8ms | ActiveRecord: 0.0ms)


Started GET "/" for ::1 at 2020-12-08 12:16:38 -0800
Processing by StaticPagesController#root as HTML
  Rendering static_pages/root.html.erb within layouts/application
  Rendered static_pages/root.html.erb within layouts/application (0.8ms)
Completed 200 OK in 389ms (Views: 385.0ms | ActiveRecord: 0.0ms)


Started GET "/" for ::1 at 2020-12-08 13:30:33 -0800
Processing by StaticPagesController#root as HTML
  Rendering static_pages/root.html.erb within layouts/application
  Rendered static_pages/root.html.erb within layouts/application (3.0ms)
Completed 200 OK in 80ms (Views: 68.7ms | ActiveRecord: 0.0ms)


Started GET "/" for ::1 at 2020-12-08 13:30:34 -0800
Processing by StaticPagesController#root as HTML
  Rendering static_pages/root.html.erb within layouts/application
  Rendered static_pages/root.html.erb within layouts/application (0.6ms)
Completed 200 OK in 27ms (Views: 23.4ms | ActiveRecord: 0.0ms)


Started GET "/" for ::1 at 2020-12-08 13:37:00 -0800
Processing by StaticPagesController#root as HTML
  Rendering static_pages/root.html.erb within layouts/application
  Rendered static_pages/root.html.erb within layouts/application (2.2ms)
Completed 500 Internal Server Error in 115ms (ActiveRecord: 0.0ms)



Sass::SyntaxError - Invalid CSS after "   }": expected "}", was "":
  app/views/layouts/application.html.erb:8:in `_app_views_layouts_application_html_erb___3628270882119707223_70160187093460'

Started POST "/__better_errors/ccbe8707b4a0dce1/variables" for ::1 at 2020-12-08 13:37:00 -0800
Started GET "/" for ::1 at 2020-12-08 13:43:51 -0800
Processing by StaticPagesController#root as HTML
  Rendering static_pages/root.html.erb within layouts/application
  Rendered static_pages/root.html.erb within layouts/application (1.8ms)
Completed 500 Internal Server Error in 57ms (ActiveRecord: 0.0ms)



Sass::SyntaxError - Invalid CSS after "   }": expected "}", was "":
  app/views/layouts/application.html.erb:8:in `_app_views_layouts_application_html_erb___3628270882119707223_70160128258120'

Started POST "/__better_errors/6adcd03c71eb73c0/variables" for ::1 at 2020-12-08 13:43:51 -0800
Started GET "/" for ::1 at 2020-12-08 13:43:54 -0800
Processing by StaticPagesController#root as HTML
  Rendering static_pages/root.html.erb within layouts/application
  Rendered static_pages/root.html.erb within layouts/application (0.3ms)
Completed 500 Internal Server Error in 22ms (ActiveRecord: 0.0ms)



Sass::SyntaxError - Invalid CSS after "   }": expected "}", was "":
  app/views/layouts/application.html.erb:8:in `_app_views_layouts_application_html_erb___3628270882119707223_70160099703540'

Started POST "/__better_errors/93abf6fbbf75f07c/variables" for ::1 at 2020-12-08 13:43:54 -0800
Started GET "/" for ::1 at 2020-12-08 13:48:08 -0800
Processing by StaticPagesController#root as HTML
  Rendering static_pages/root.html.erb within layouts/application
  Rendered static_pages/root.html.erb within layouts/application (1.7ms)
Completed 500 Internal Server Error in 65ms (ActiveRecord: 0.0ms)



Sass::SyntaxError - Invalid CSS after "   }": expected "}", was "":
  app/views/layouts/application.html.erb:8:in `_app_views_layouts_application_html_erb___3628270882119707223_70160115477860'

Started POST "/__better_errors/41d1ecf750c95581/variables" for ::1 at 2020-12-08 13:48:08 -0800
Started GET "/" for ::1 at 2020-12-08 13:48:40 -0800
Processing by StaticPagesController#root as HTML
  Rendering static_pages/root.html.erb within layouts/application
  Rendered static_pages/root.html.erb within layouts/application (0.3ms)
Completed 500 Internal Server Error in 20ms (ActiveRecord: 0.0ms)



Sass::SyntaxError - Invalid CSS after "   }": expected "}", was "":
  app/views/layouts/application.html.erb:8:in `_app_views_layouts_application_html_erb___3628270882119707223_70160200642700'

Started POST "/__better_errors/9b6be4dbdcd0e4e3/variables" for ::1 at 2020-12-08 13:48:40 -0800
Started GET "/" for ::1 at 2020-12-08 13:48:46 -0800
Processing by StaticPagesController#root as HTML
  Rendering static_pages/root.html.erb within layouts/application
  Rendered static_pages/root.html.erb within layouts/application (0.3ms)
Completed 500 Internal Server Error in 21ms (ActiveRecord: 0.0ms)



Sass::SyntaxError - Invalid CSS after "   }": expected "}", was "":
  app/views/layouts/application.html.erb:8:in `_app_views_layouts_application_html_erb___3628270882119707223_70160174731540'

Started POST "/__better_errors/81638f0c073130c0/variables" for ::1 at 2020-12-08 13:48:46 -0800
Started GET "/" for ::1 at 2020-12-08 13:48:48 -0800
Processing by StaticPagesController#root as HTML
  Rendering static_pages/root.html.erb within layouts/application
  Rendered static_pages/root.html.erb within layouts/application (0.3ms)
Completed 500 Internal Server Error in 24ms (ActiveRecord: 0.0ms)



Sass::SyntaxError - Invalid CSS after "   }": expected "}", was "":
  app/views/layouts/application.html.erb:8:in `_app_views_layouts_application_html_erb___3628270882119707223_70160097943100'

Started POST "/__better_errors/d318bed0cc5be42c/variables" for ::1 at 2020-12-08 13:48:48 -0800
Started GET "/" for ::1 at 2020-12-08 13:49:06 -0800
Processing by StaticPagesController#root as HTML
  Rendering static_pages/root.html.erb within layouts/application
  Rendered static_pages/root.html.erb within layouts/application (0.3ms)
Completed 500 Internal Server Error in 18ms (ActiveRecord: 0.0ms)



Sass::SyntaxError - Invalid CSS after "   }": expected "}", was "":
  app/views/layouts/application.html.erb:8:in `_app_views_layouts_application_html_erb___3628270882119707223_70160178915800'

Started POST "/__better_errors/c34a8652c20157d4/variables" for ::1 at 2020-12-08 13:49:07 -0800
Started GET "/" for ::1 at 2020-12-08 13:49:09 -0800
Processing by StaticPagesController#root as HTML
  Rendering static_pages/root.html.erb within layouts/application
  Rendered static_pages/root.html.erb within layouts/application (0.4ms)
Completed 500 Internal Server Error in 18ms (ActiveRecord: 0.0ms)



Sass::SyntaxError - Invalid CSS after "   }": expected "}", was "":
  app/views/layouts/application.html.erb:8:in `_app_views_layouts_application_html_erb___3628270882119707223_70160095069400'

Started POST "/__better_errors/0942f742e42e9b13/variables" for ::1 at 2020-12-08 13:49:09 -0800
Started GET "/" for ::1 at 2020-12-08 13:49:23 -0800
Processing by StaticPagesController#root as HTML
  Rendering static_pages/root.html.erb within layouts/application
  Rendered static_pages/root.html.erb within layouts/application (0.3ms)
Completed 500 Internal Server Error in 18ms (ActiveRecord: 0.0ms)



Sass::SyntaxError - Invalid CSS after "   }": expected "}", was "":
  app/views/layouts/application.html.erb:8:in `_app_views_layouts_application_html_erb___3628270882119707223_70160200727460'

Started POST "/__better_errors/454cf7338fc6c407/variables" for ::1 at 2020-12-08 13:49:23 -0800
Started GET "/" for ::1 at 2020-12-08 13:49:38 -0800
Processing by StaticPagesController#root as HTML
  Rendering static_pages/root.html.erb within layouts/application
  Rendered static_pages/root.html.erb within layouts/application (0.3ms)
Completed 500 Internal Server Error in 19ms (ActiveRecord: 0.0ms)



Sass::SyntaxError - Invalid CSS after "   }": expected "}", was "":
  app/views/layouts/application.html.erb:8:in `_app_views_layouts_application_html_erb___3628270882119707223_70160186997860'

Started POST "/__better_errors/910fa98863598027/variables" for ::1 at 2020-12-08 13:49:38 -0800
Started POST "/__better_errors/910fa98863598027/variables" for ::1 at 2020-12-08 13:49:42 -0800
Started GET "/" for ::1 at 2020-12-08 13:50:12 -0800
  [1m[35m (2.2ms)[0m  [1m[34mSELECT "schema_migrations"."version" FROM "schema_migrations" ORDER BY "schema_migrations"."version" ASC[0m
  ↳ /Users/sanyung/.rbenv/versions/2.5.1/lib/ruby/gems/2.5.0/gems/activerecord-5.2.4.4/lib/active_record/log_subscriber.rb:98
Processing by StaticPagesController#root as HTML
  Rendering static_pages/root.html.erb within layouts/application
  Rendered static_pages/root.html.erb within layouts/application (0.8ms)
Completed 500 Internal Server Error in 129ms (ActiveRecord: 0.0ms)



Sass::SyntaxError - Invalid CSS after "   }": expected "}", was "":
  app/views/layouts/application.html.erb:8:in `_app_views_layouts_application_html_erb__3862683010412860432_70205690703600'

Started POST "/__better_errors/04f7c48738e69972/variables" for ::1 at 2020-12-08 13:50:12 -0800
Started GET "/" for ::1 at 2020-12-08 13:51:02 -0800
Processing by StaticPagesController#root as HTML
  Rendering static_pages/root.html.erb within layouts/application
  Rendered static_pages/root.html.erb within layouts/application (0.3ms)
Completed 500 Internal Server Error in 17ms (ActiveRecord: 0.0ms)



Sass::SyntaxError - Invalid CSS after "   }": expected "}", was "":
  app/views/layouts/application.html.erb:8:in `_app_views_layouts_application_html_erb__3862683010412860432_70205665575020'

Started POST "/__better_errors/082b32f2d8b430a1/variables" for ::1 at 2020-12-08 13:51:02 -0800
Started GET "/" for ::1 at 2020-12-08 13:51:04 -0800
Processing by StaticPagesController#root as HTML
  Rendering static_pages/root.html.erb within layouts/application
  Rendered static_pages/root.html.erb within layouts/application (0.3ms)
Completed 500 Internal Server Error in 22ms (ActiveRecord: 0.0ms)



Sass::SyntaxError - Invalid CSS after "   }": expected "}", was "":
  app/views/layouts/application.html.erb:8:in `_app_views_layouts_application_html_erb__3862683010412860432_70205633750480'

Started POST "/__better_errors/d7ba8a85dfea8a44/variables" for ::1 at 2020-12-08 13:51:04 -0800
Started GET "/" for ::1 at 2020-12-08 13:52:10 -0800
Processing by StaticPagesController#root as HTML
  Rendering static_pages/root.html.erb within layouts/application
  Rendered static_pages/root.html.erb within layouts/application (0.7ms)
Completed 500 Internal Server Error in 21ms (ActiveRecord: 0.0ms)



Sass::SyntaxError - Invalid CSS after "   }": expected "}", was "":
  app/views/layouts/application.html.erb:7:in `_app_views_layouts_application_html_erb__3862683010412860432_70205732989280'

Started POST "/__better_errors/c6fe0fd7e4ec44be/variables" for ::1 at 2020-12-08 13:52:10 -0800
Started GET "/" for ::1 at 2020-12-08 13:52:14 -0800
Processing by StaticPagesController#root as HTML
  Rendering static_pages/root.html.erb within layouts/application
  Rendered static_pages/root.html.erb within layouts/application (0.3ms)
Completed 500 Internal Server Error in 20ms (ActiveRecord: 0.0ms)



Sass::SyntaxError - Invalid CSS after "   }": expected "}", was "":
  app/views/layouts/application.html.erb:7:in `_app_views_layouts_application_html_erb__3862683010412860432_70205648605820'

Started POST "/__better_errors/8fc14007af68eaf0/variables" for ::1 at 2020-12-08 13:52:14 -0800
Started GET "/" for ::1 at 2020-12-08 13:52:32 -0800
Processing by StaticPagesController#root as HTML
  Rendering static_pages/root.html.erb within layouts/application
  Rendered static_pages/root.html.erb within layouts/application (0.2ms)
Completed 500 Internal Server Error in 19ms (ActiveRecord: 0.0ms)



Sass::SyntaxError - Invalid CSS after "   }": expected "}", was "":
  app/views/layouts/application.html.erb:7:in `_app_views_layouts_application_html_erb__3862683010412860432_70205717634340'

Started POST "/__better_errors/23c4ccf4e025d9c0/variables" for ::1 at 2020-12-08 13:52:32 -0800
Started GET "/" for ::1 at 2020-12-08 13:52:33 -0800
Processing by StaticPagesController#root as HTML
  Rendering static_pages/root.html.erb within layouts/application
  Rendered static_pages/root.html.erb within layouts/application (0.3ms)
Completed 500 Internal Server Error in 21ms (ActiveRecord: 0.0ms)



Sass::SyntaxError - Invalid CSS after "   }": expected "}", was "":
  app/views/layouts/application.html.erb:7:in `_app_views_layouts_application_html_erb__3862683010412860432_70205652405180'

Started POST "/__better_errors/f97a5728b1ebf8c6/variables" for ::1 at 2020-12-08 13:52:33 -0800
Started GET "/" for ::1 at 2020-12-08 14:19:24 -0800
Processing by StaticPagesController#root as HTML
  Rendering static_pages/root.html.erb within layouts/application
  Rendered static_pages/root.html.erb within layouts/application (1.5ms)
Completed 200 OK in 1158ms (Views: 1150.0ms | ActiveRecord: 0.0ms)


Started GET "/users" for ::1 at 2020-12-08 14:20:40 -0800
  
ActionController::RoutingError (No route matches [GET] "/users"):
  
actionpack (5.2.4.4) lib/action_dispatch/middleware/debug_exceptions.rb:65:in `call'
web-console (3.7.0) lib/web_console/middleware.rb:135:in `call_app'
web-console (3.7.0) lib/web_console/middleware.rb:30:in `block in call'
web-console (3.7.0) lib/web_console/middleware.rb:20:in `catch'
web-console (3.7.0) lib/web_console/middleware.rb:20:in `call'
actionpack (5.2.4.4) lib/action_dispatch/middleware/show_exceptions.rb:33:in `call'
railties (5.2.4.4) lib/rails/rack/logger.rb:38:in `call_app'
railties (5.2.4.4) lib/rails/rack/logger.rb:26:in `block in call'
activesupport (5.2.4.4) lib/active_support/tagged_logging.rb:71:in `block in tagged'
activesupport (5.2.4.4) lib/active_support/tagged_logging.rb:28:in `tagged'
activesupport (5.2.4.4) lib/active_support/tagged_logging.rb:71:in `tagged'
railties (5.2.4.4) lib/rails/rack/logger.rb:26:in `call'
sprockets-rails (3.2.2) lib/sprockets/rails/quiet_assets.rb:13:in `call'
actionpack (5.2.4.4) lib/action_dispatch/middleware/remote_ip.rb:81:in `call'
actionpack (5.2.4.4) lib/action_dispatch/middleware/request_id.rb:27:in `call'
rack (2.2.3) lib/rack/method_override.rb:24:in `call'
rack (2.2.3) lib/rack/runtime.rb:22:in `call'
activesupport (5.2.4.4) lib/active_support/cache/strategy/local_cache_middleware.rb:29:in `call'
actionpack (5.2.4.4) lib/action_dispatch/middleware/executor.rb:14:in `call'
actionpack (5.2.4.4) lib/action_dispatch/middleware/static.rb:127:in `call'
rack (2.2.3) lib/rack/sendfile.rb:110:in `call'
railties (5.2.4.4) lib/rails/engine.rb:524:in `call'
puma (3.12.6) lib/puma/configuration.rb:227:in `call'
puma (3.12.6) lib/puma/server.rb:706:in `handle_request'
puma (3.12.6) lib/puma/server.rb:476:in `process_client'
puma (3.12.6) lib/puma/server.rb:334:in `block in run'
puma (3.12.6) lib/puma/thread_pool.rb:135:in `block in spawn_thread'
Started GET "/users/new" for ::1 at 2020-12-08 14:20:49 -0800
  
ActionController::RoutingError (No route matches [GET] "/users/new"):
  
actionpack (5.2.4.4) lib/action_dispatch/middleware/debug_exceptions.rb:65:in `call'
web-console (3.7.0) lib/web_console/middleware.rb:135:in `call_app'
web-console (3.7.0) lib/web_console/middleware.rb:30:in `block in call'
web-console (3.7.0) lib/web_console/middleware.rb:20:in `catch'
web-console (3.7.0) lib/web_console/middleware.rb:20:in `call'
actionpack (5.2.4.4) lib/action_dispatch/middleware/show_exceptions.rb:33:in `call'
railties (5.2.4.4) lib/rails/rack/logger.rb:38:in `call_app'
railties (5.2.4.4) lib/rails/rack/logger.rb:26:in `block in call'
activesupport (5.2.4.4) lib/active_support/tagged_logging.rb:71:in `block in tagged'
activesupport (5.2.4.4) lib/active_support/tagged_logging.rb:28:in `tagged'
activesupport (5.2.4.4) lib/active_support/tagged_logging.rb:71:in `tagged'
railties (5.2.4.4) lib/rails/rack/logger.rb:26:in `call'
sprockets-rails (3.2.2) lib/sprockets/rails/quiet_assets.rb:13:in `call'
actionpack (5.2.4.4) lib/action_dispatch/middleware/remote_ip.rb:81:in `call'
actionpack (5.2.4.4) lib/action_dispatch/middleware/request_id.rb:27:in `call'
rack (2.2.3) lib/rack/method_override.rb:24:in `call'
rack (2.2.3) lib/rack/runtime.rb:22:in `call'
activesupport (5.2.4.4) lib/active_support/cache/strategy/local_cache_middleware.rb:29:in `call'
actionpack (5.2.4.4) lib/action_dispatch/middleware/executor.rb:14:in `call'
actionpack (5.2.4.4) lib/action_dispatch/middleware/static.rb:127:in `call'
rack (2.2.3) lib/rack/sendfile.rb:110:in `call'
railties (5.2.4.4) lib/rails/engine.rb:524:in `call'
puma (3.12.6) lib/puma/configuration.rb:227:in `call'
puma (3.12.6) lib/puma/server.rb:706:in `handle_request'
puma (3.12.6) lib/puma/server.rb:476:in `process_client'
puma (3.12.6) lib/puma/server.rb:334:in `block in run'
puma (3.12.6) lib/puma/thread_pool.rb:135:in `block in spawn_thread'
Started GET "/users/new" for ::1 at 2020-12-08 14:21:13 -0800
  
ActionController::RoutingError (No route matches [GET] "/users/new"):
  
actionpack (5.2.4.4) lib/action_dispatch/middleware/debug_exceptions.rb:65:in `call'
web-console (3.7.0) lib/web_console/middleware.rb:135:in `call_app'
web-console (3.7.0) lib/web_console/middleware.rb:30:in `block in call'
web-console (3.7.0) lib/web_console/middleware.rb:20:in `catch'
web-console (3.7.0) lib/web_console/middleware.rb:20:in `call'
actionpack (5.2.4.4) lib/action_dispatch/middleware/show_exceptions.rb:33:in `call'
railties (5.2.4.4) lib/rails/rack/logger.rb:38:in `call_app'
railties (5.2.4.4) lib/rails/rack/logger.rb:26:in `block in call'
activesupport (5.2.4.4) lib/active_support/tagged_logging.rb:71:in `block in tagged'
activesupport (5.2.4.4) lib/active_support/tagged_logging.rb:28:in `tagged'
activesupport (5.2.4.4) lib/active_support/tagged_logging.rb:71:in `tagged'
railties (5.2.4.4) lib/rails/rack/logger.rb:26:in `call'
sprockets-rails (3.2.2) lib/sprockets/rails/quiet_assets.rb:13:in `call'
actionpack (5.2.4.4) lib/action_dispatch/middleware/remote_ip.rb:81:in `call'
actionpack (5.2.4.4) lib/action_dispatch/middleware/request_id.rb:27:in `call'
rack (2.2.3) lib/rack/method_override.rb:24:in `call'
rack (2.2.3) lib/rack/runtime.rb:22:in `call'
activesupport (5.2.4.4) lib/active_support/cache/strategy/local_cache_middleware.rb:29:in `call'
actionpack (5.2.4.4) lib/action_dispatch/middleware/executor.rb:14:in `call'
actionpack (5.2.4.4) lib/action_dispatch/middleware/static.rb:127:in `call'
rack (2.2.3) lib/rack/sendfile.rb:110:in `call'
railties (5.2.4.4) lib/rails/engine.rb:524:in `call'
puma (3.12.6) lib/puma/configuration.rb:227:in `call'
puma (3.12.6) lib/puma/server.rb:706:in `handle_request'
puma (3.12.6) lib/puma/server.rb:476:in `process_client'
puma (3.12.6) lib/puma/server.rb:334:in `block in run'
puma (3.12.6) lib/puma/thread_pool.rb:135:in `block in spawn_thread'
Started GET "/" for ::1 at 2020-12-08 14:21:22 -0800
Processing by StaticPagesController#root as HTML
  Rendering static_pages/root.html.erb within layouts/application
  Rendered static_pages/root.html.erb within layouts/application (0.4ms)
Completed 200 OK in 31ms (Views: 27.1ms | ActiveRecord: 0.0ms)


Started GET "/" for ::1 at 2020-12-08 14:24:44 -0800
Processing by StaticPagesController#root as HTML
  Rendering static_pages/root.html.erb within layouts/application
  Rendered static_pages/root.html.erb within layouts/application (0.4ms)
Completed 200 OK in 298ms (Views: 294.5ms | ActiveRecord: 0.0ms)


Started GET "/" for ::1 at 2020-12-08 14:25:56 -0800
Processing by StaticPagesController#root as HTML
  Rendering static_pages/root.html.erb within layouts/application
  Rendered static_pages/root.html.erb within layouts/application (0.3ms)
Completed 200 OK in 27ms (Views: 24.4ms | ActiveRecord: 0.0ms)


Started GET "/" for ::1 at 2020-12-08 14:25:59 -0800
Processing by StaticPagesController#root as HTML
  Rendering static_pages/root.html.erb within layouts/application
  Rendered static_pages/root.html.erb within layouts/application (0.3ms)
Completed 200 OK in 282ms (Views: 279.0ms | ActiveRecord: 0.0ms)


Started GET "/signup" for ::1 at 2020-12-08 14:26:41 -0800
  
ActionController::RoutingError (No route matches [GET] "/signup"):
  
actionpack (5.2.4.4) lib/action_dispatch/middleware/debug_exceptions.rb:65:in `call'
web-console (3.7.0) lib/web_console/middleware.rb:135:in `call_app'
web-console (3.7.0) lib/web_console/middleware.rb:30:in `block in call'
web-console (3.7.0) lib/web_console/middleware.rb:20:in `catch'
web-console (3.7.0) lib/web_console/middleware.rb:20:in `call'
actionpack (5.2.4.4) lib/action_dispatch/middleware/show_exceptions.rb:33:in `call'
railties (5.2.4.4) lib/rails/rack/logger.rb:38:in `call_app'
railties (5.2.4.4) lib/rails/rack/logger.rb:26:in `block in call'
activesupport (5.2.4.4) lib/active_support/tagged_logging.rb:71:in `block in tagged'
activesupport (5.2.4.4) lib/active_support/tagged_logging.rb:28:in `tagged'
activesupport (5.2.4.4) lib/active_support/tagged_logging.rb:71:in `tagged'
railties (5.2.4.4) lib/rails/rack/logger.rb:26:in `call'
sprockets-rails (3.2.2) lib/sprockets/rails/quiet_assets.rb:13:in `call'
actionpack (5.2.4.4) lib/action_dispatch/middleware/remote_ip.rb:81:in `call'
actionpack (5.2.4.4) lib/action_dispatch/middleware/request_id.rb:27:in `call'
rack (2.2.3) lib/rack/method_override.rb:24:in `call'
rack (2.2.3) lib/rack/runtime.rb:22:in `call'
activesupport (5.2.4.4) lib/active_support/cache/strategy/local_cache_middleware.rb:29:in `call'
actionpack (5.2.4.4) lib/action_dispatch/middleware/executor.rb:14:in `call'
actionpack (5.2.4.4) lib/action_dispatch/middleware/static.rb:127:in `call'
rack (2.2.3) lib/rack/sendfile.rb:110:in `call'
railties (5.2.4.4) lib/rails/engine.rb:524:in `call'
puma (3.12.6) lib/puma/configuration.rb:227:in `call'
puma (3.12.6) lib/puma/server.rb:706:in `handle_request'
puma (3.12.6) lib/puma/server.rb:476:in `process_client'
puma (3.12.6) lib/puma/server.rb:334:in `block in run'
puma (3.12.6) lib/puma/thread_pool.rb:135:in `block in spawn_thread'
Started GET "/signup" for ::1 at 2020-12-08 14:26:44 -0800
  
ActionController::RoutingError (No route matches [GET] "/signup"):
  
actionpack (5.2.4.4) lib/action_dispatch/middleware/debug_exceptions.rb:65:in `call'
web-console (3.7.0) lib/web_console/middleware.rb:135:in `call_app'
web-console (3.7.0) lib/web_console/middleware.rb:30:in `block in call'
web-console (3.7.0) lib/web_console/middleware.rb:20:in `catch'
web-console (3.7.0) lib/web_console/middleware.rb:20:in `call'
actionpack (5.2.4.4) lib/action_dispatch/middleware/show_exceptions.rb:33:in `call'
railties (5.2.4.4) lib/rails/rack/logger.rb:38:in `call_app'
railties (5.2.4.4) lib/rails/rack/logger.rb:26:in `block in call'
activesupport (5.2.4.4) lib/active_support/tagged_logging.rb:71:in `block in tagged'
activesupport (5.2.4.4) lib/active_support/tagged_logging.rb:28:in `tagged'
activesupport (5.2.4.4) lib/active_support/tagged_logging.rb:71:in `tagged'
railties (5.2.4.4) lib/rails/rack/logger.rb:26:in `call'
sprockets-rails (3.2.2) lib/sprockets/rails/quiet_assets.rb:13:in `call'
actionpack (5.2.4.4) lib/action_dispatch/middleware/remote_ip.rb:81:in `call'
actionpack (5.2.4.4) lib/action_dispatch/middleware/request_id.rb:27:in `call'
rack (2.2.3) lib/rack/method_override.rb:24:in `call'
rack (2.2.3) lib/rack/runtime.rb:22:in `call'
activesupport (5.2.4.4) lib/active_support/cache/strategy/local_cache_middleware.rb:29:in `call'
actionpack (5.2.4.4) lib/action_dispatch/middleware/executor.rb:14:in `call'
actionpack (5.2.4.4) lib/action_dispatch/middleware/static.rb:127:in `call'
rack (2.2.3) lib/rack/sendfile.rb:110:in `call'
railties (5.2.4.4) lib/rails/engine.rb:524:in `call'
puma (3.12.6) lib/puma/configuration.rb:227:in `call'
puma (3.12.6) lib/puma/server.rb:706:in `handle_request'
puma (3.12.6) lib/puma/server.rb:476:in `process_client'
puma (3.12.6) lib/puma/server.rb:334:in `block in run'
puma (3.12.6) lib/puma/thread_pool.rb:135:in `block in spawn_thread'
Started GET "/" for ::1 at 2020-12-08 14:26:50 -0800
Processing by StaticPagesController#root as HTML
  Rendering static_pages/root.html.erb within layouts/application
  Rendered static_pages/root.html.erb within layouts/application (0.3ms)
Completed 200 OK in 24ms (Views: 21.0ms | ActiveRecord: 0.0ms)


Started GET "/" for ::1 at 2020-12-08 14:26:53 -0800
Processing by StaticPagesController#root as HTML
  Rendering static_pages/root.html.erb within layouts/application
  Rendered static_pages/root.html.erb within layouts/application (0.3ms)
Completed 200 OK in 21ms (Views: 18.5ms | ActiveRecord: 0.0ms)


Started GET "/" for ::1 at 2020-12-08 14:26:57 -0800
Processing by StaticPagesController#root as HTML
  Rendering static_pages/root.html.erb within layouts/application
  Rendered static_pages/root.html.erb within layouts/application (0.9ms)
Completed 200 OK in 31ms (Views: 27.9ms | ActiveRecord: 0.0ms)


Started GET "/" for ::1 at 2020-12-08 14:26:57 -0800
Processing by StaticPagesController#root as HTML
  Rendering static_pages/root.html.erb within layouts/application
  Rendered static_pages/root.html.erb within layouts/application (0.3ms)
Completed 200 OK in 26ms (Views: 22.8ms | ActiveRecord: 0.0ms)


Started GET "/" for ::1 at 2020-12-08 14:26:58 -0800
Processing by StaticPagesController#root as HTML
  Rendering static_pages/root.html.erb within layouts/application
  Rendered static_pages/root.html.erb within layouts/application (0.4ms)
Completed 200 OK in 25ms (Views: 22.2ms | ActiveRecord: 0.0ms)


Started GET "/" for ::1 at 2020-12-08 14:26:58 -0800
Processing by StaticPagesController#root as HTML
  Rendering static_pages/root.html.erb within layouts/application
  Rendered static_pages/root.html.erb within layouts/application (0.3ms)
Completed 200 OK in 40ms (Views: 38.4ms | ActiveRecord: 0.0ms)


Started GET "/" for ::1 at 2020-12-08 14:26:58 -0800
Processing by StaticPagesController#root as HTML
  Rendering static_pages/root.html.erb within layouts/application
  Rendered static_pages/root.html.erb within layouts/application (0.2ms)
Completed 200 OK in 35ms (Views: 32.5ms | ActiveRecord: 0.0ms)


Started GET "/" for ::1 at 2020-12-08 14:26:58 -0800
Processing by StaticPagesController#root as HTML
  Rendering static_pages/root.html.erb within layouts/application
  Rendered static_pages/root.html.erb within layouts/application (0.3ms)
Completed 200 OK in 34ms (Views: 30.7ms | ActiveRecord: 0.0ms)


Started GET "/" for ::1 at 2020-12-08 14:27:03 -0800
Processing by StaticPagesController#root as HTML
  Rendering static_pages/root.html.erb within layouts/application
  Rendered static_pages/root.html.erb within layouts/application (0.4ms)
Completed 200 OK in 29ms (Views: 25.5ms | ActiveRecord: 0.0ms)


Started GET "/" for ::1 at 2020-12-08 14:27:04 -0800
Processing by StaticPagesController#root as HTML
  Rendering static_pages/root.html.erb within layouts/application
  Rendered static_pages/root.html.erb within layouts/application (0.3ms)
Completed 200 OK in 30ms (Views: 27.7ms | ActiveRecord: 0.0ms)


Started GET "/" for ::1 at 2020-12-08 14:27:04 -0800
Processing by StaticPagesController#root as HTML
  Rendering static_pages/root.html.erb within layouts/application
  Rendered static_pages/root.html.erb within layouts/application (0.2ms)
Completed 200 OK in 19ms (Views: 16.7ms | ActiveRecord: 0.0ms)


Started GET "/" for ::1 at 2020-12-08 14:27:04 -0800
Processing by StaticPagesController#root as HTML
  Rendering static_pages/root.html.erb within layouts/application
  Rendered static_pages/root.html.erb within layouts/application (0.3ms)
Completed 200 OK in 23ms (Views: 20.3ms | ActiveRecord: 0.0ms)


Started GET "/" for ::1 at 2020-12-08 14:27:10 -0800
Processing by StaticPagesController#root as HTML
  Rendering static_pages/root.html.erb within layouts/application
  Rendered static_pages/root.html.erb within layouts/application (0.3ms)
Completed 200 OK in 26ms (Views: 23.8ms | ActiveRecord: 0.0ms)


Started GET "/" for ::1 at 2020-12-08 14:27:20 -0800
Processing by StaticPagesController#root as HTML
  Rendering static_pages/root.html.erb within layouts/application
  Rendered static_pages/root.html.erb within layouts/application (0.3ms)
Completed 200 OK in 24ms (Views: 20.4ms | ActiveRecord: 0.0ms)


Started GET "/" for ::1 at 2020-12-08 14:27:27 -0800
Processing by StaticPagesController#root as HTML
  Rendering static_pages/root.html.erb within layouts/application
  Rendered static_pages/root.html.erb within layouts/application (0.3ms)
Completed 200 OK in 22ms (Views: 19.1ms | ActiveRecord: 0.0ms)


Started GET "/" for ::1 at 2020-12-08 14:28:17 -0800
Processing by StaticPagesController#root as HTML
  Rendering static_pages/root.html.erb within layouts/application
  Rendered static_pages/root.html.erb within layouts/application (0.3ms)
Completed 200 OK in 24ms (Views: 21.1ms | ActiveRecord: 0.0ms)


Started GET "/" for ::1 at 2020-12-08 14:28:18 -0800
Processing by StaticPagesController#root as HTML
  Rendering static_pages/root.html.erb within layouts/application
  Rendered static_pages/root.html.erb within layouts/application (0.3ms)
Completed 200 OK in 26ms (Views: 23.6ms | ActiveRecord: 0.0ms)


Started GET "/" for ::1 at 2020-12-08 14:28:32 -0800
Processing by StaticPagesController#root as HTML
  Rendering static_pages/root.html.erb within layouts/application
  Rendered static_pages/root.html.erb within layouts/application (0.3ms)
Completed 200 OK in 29ms (Views: 25.6ms | ActiveRecord: 0.0ms)


Started GET "/" for ::1 at 2020-12-08 14:28:37 -0800
Processing by StaticPagesController#root as HTML
  Rendering static_pages/root.html.erb within layouts/application
  Rendered static_pages/root.html.erb within layouts/application (0.2ms)
Completed 200 OK in 22ms (Views: 18.8ms | ActiveRecord: 0.0ms)


Started GET "/" for ::1 at 2020-12-08 14:29:00 -0800
Processing by StaticPagesController#root as HTML
  Rendering static_pages/root.html.erb within layouts/application
  Rendered static_pages/root.html.erb within layouts/application (0.4ms)
Completed 200 OK in 278ms (Views: 274.2ms | ActiveRecord: 0.0ms)


Started GET "/" for ::1 at 2020-12-08 14:32:54 -0800
Processing by StaticPagesController#root as HTML
  Rendering static_pages/root.html.erb within layouts/application
  Rendered static_pages/root.html.erb within layouts/application (0.9ms)
Completed 200 OK in 318ms (Views: 313.0ms | ActiveRecord: 0.0ms)


Started GET "/" for ::1 at 2020-12-08 15:01:47 -0800
Processing by StaticPagesController#root as HTML
  Rendering static_pages/root.html.erb within layouts/application
  Rendered static_pages/root.html.erb within layouts/application (1.8ms)
Completed 200 OK in 116ms (Views: 106.6ms | ActiveRecord: 0.0ms)


Started GET "/" for ::1 at 2020-12-08 15:02:03 -0800
Processing by StaticPagesController#root as HTML
  Rendering static_pages/root.html.erb within layouts/application
  Rendered static_pages/root.html.erb within layouts/application (1.1ms)
Completed 200 OK in 59ms (Views: 56.1ms | ActiveRecord: 0.0ms)


Started GET "/" for ::1 at 2020-12-08 15:02:04 -0800
Processing by StaticPagesController#root as HTML
  Rendering static_pages/root.html.erb within layouts/application
  Rendered static_pages/root.html.erb within layouts/application (0.5ms)
Completed 200 OK in 31ms (Views: 28.6ms | ActiveRecord: 0.0ms)


Started GET "/" for ::1 at 2020-12-08 15:02:14 -0800
Processing by StaticPagesController#root as HTML
  Rendering static_pages/root.html.erb within layouts/application
  Rendered static_pages/root.html.erb within layouts/application (0.3ms)
Completed 200 OK in 42ms (Views: 39.8ms | ActiveRecord: 0.0ms)


Started GET "/" for ::1 at 2020-12-08 15:07:21 -0800
Processing by StaticPagesController#root as HTML
  Rendering static_pages/root.html.erb within layouts/application
  Rendered static_pages/root.html.erb within layouts/application (0.5ms)
Completed 200 OK in 61ms (Views: 57.5ms | ActiveRecord: 0.0ms)


Started GET "/" for ::1 at 2020-12-08 15:31:30 -0800
Processing by StaticPagesController#root as HTML
  Rendering static_pages/root.html.erb within layouts/application
  Rendered static_pages/root.html.erb within layouts/application (5.7ms)
Completed 200 OK in 177ms (Views: 168.1ms | ActiveRecord: 0.0ms)


Started GET "/" for ::1 at 2020-12-08 15:31:41 -0800
Processing by StaticPagesController#root as HTML
  Rendering static_pages/root.html.erb within layouts/application
  Rendered static_pages/root.html.erb within layouts/application (0.4ms)
Completed 200 OK in 65ms (Views: 61.8ms | ActiveRecord: 0.0ms)


Started GET "/" for ::1 at 2020-12-08 15:32:04 -0800
Processing by StaticPagesController#root as HTML
  Rendering static_pages/root.html.erb within layouts/application
  Rendered static_pages/root.html.erb within layouts/application (0.3ms)
Completed 200 OK in 42ms (Views: 38.7ms | ActiveRecord: 0.0ms)


Started GET "/" for ::1 at 2020-12-08 15:32:07 -0800
Processing by StaticPagesController#root as HTML
  Rendering static_pages/root.html.erb within layouts/application
  Rendered static_pages/root.html.erb within layouts/application (1.9ms)
Completed 200 OK in 29ms (Views: 26.7ms | ActiveRecord: 0.0ms)


Started GET "/" for ::1 at 2020-12-08 15:32:08 -0800
Processing by StaticPagesController#root as HTML
  Rendering static_pages/root.html.erb within layouts/application
  Rendered static_pages/root.html.erb within layouts/application (0.3ms)
Completed 200 OK in 28ms (Views: 25.2ms | ActiveRecord: 0.0ms)


Started GET "/" for ::1 at 2020-12-08 15:32:08 -0800
Processing by StaticPagesController#root as HTML
  Rendering static_pages/root.html.erb within layouts/application
  Rendered static_pages/root.html.erb within layouts/application (0.3ms)
Completed 200 OK in 26ms (Views: 23.1ms | ActiveRecord: 0.0ms)


Started GET "/" for ::1 at 2020-12-08 15:32:09 -0800
Processing by StaticPagesController#root as HTML
  Rendering static_pages/root.html.erb within layouts/application
  Rendered static_pages/root.html.erb within layouts/application (0.3ms)
Completed 200 OK in 29ms (Views: 25.9ms | ActiveRecord: 0.0ms)


Started GET "/" for ::1 at 2020-12-08 15:32:29 -0800
Processing by StaticPagesController#root as HTML
  Rendering static_pages/root.html.erb within layouts/application
  Rendered static_pages/root.html.erb within layouts/application (0.3ms)
Completed 200 OK in 26ms (Views: 23.5ms | ActiveRecord: 0.0ms)


Started GET "/" for ::1 at 2020-12-08 15:33:12 -0800
Processing by StaticPagesController#root as HTML
  Rendering static_pages/root.html.erb within layouts/application
  Rendered static_pages/root.html.erb within layouts/application (0.3ms)
Completed 200 OK in 29ms (Views: 26.2ms | ActiveRecord: 0.0ms)


Started GET "/" for ::1 at 2020-12-08 15:33:13 -0800
Processing by StaticPagesController#root as HTML
  Rendering static_pages/root.html.erb within layouts/application
  Rendered static_pages/root.html.erb within layouts/application (0.3ms)
Completed 200 OK in 25ms (Views: 22.3ms | ActiveRecord: 0.0ms)


Started GET "/" for ::1 at 2020-12-08 15:33:16 -0800
Processing by StaticPagesController#root as HTML
  Rendering static_pages/root.html.erb within layouts/application
  Rendered static_pages/root.html.erb within layouts/application (0.3ms)
Completed 200 OK in 31ms (Views: 28.2ms | ActiveRecord: 0.0ms)


Started GET "/" for ::1 at 2020-12-08 15:33:17 -0800
Processing by StaticPagesController#root as HTML
  Rendering static_pages/root.html.erb within layouts/application
  Rendered static_pages/root.html.erb within layouts/application (0.3ms)
Completed 200 OK in 27ms (Views: 22.9ms | ActiveRecord: 0.0ms)


Started GET "/" for ::1 at 2020-12-08 15:33:17 -0800
Processing by StaticPagesController#root as HTML
  Rendering static_pages/root.html.erb within layouts/application
  Rendered static_pages/root.html.erb within layouts/application (0.3ms)
Completed 200 OK in 21ms (Views: 18.6ms | ActiveRecord: 0.0ms)


Started GET "/" for ::1 at 2020-12-08 15:33:19 -0800
Processing by StaticPagesController#root as HTML
  Rendering static_pages/root.html.erb within layouts/application
  Rendered static_pages/root.html.erb within layouts/application (0.5ms)
Completed 200 OK in 23ms (Views: 20.6ms | ActiveRecord: 0.0ms)


Started GET "/" for ::1 at 2020-12-08 15:33:47 -0800
Processing by StaticPagesController#root as HTML
  Rendering static_pages/root.html.erb within layouts/application
  Rendered static_pages/root.html.erb within layouts/application (2.1ms)
Completed 200 OK in 64ms (Views: 55.0ms | ActiveRecord: 0.0ms)


Started GET "/" for ::1 at 2020-12-08 15:33:47 -0800
Processing by StaticPagesController#root as HTML
  Rendering static_pages/root.html.erb within layouts/application
  Rendered static_pages/root.html.erb within layouts/application (0.5ms)
Completed 200 OK in 35ms (Views: 31.7ms | ActiveRecord: 0.0ms)


Started GET "/" for ::1 at 2020-12-08 15:33:47 -0800
Processing by StaticPagesController#root as HTML
  Rendering static_pages/root.html.erb within layouts/application
  Rendered static_pages/root.html.erb within layouts/application (0.3ms)
Completed 200 OK in 36ms (Views: 33.4ms | ActiveRecord: 0.0ms)


Started GET "/" for ::1 at 2020-12-08 15:37:42 -0800
Processing by StaticPagesController#root as HTML
  Rendering static_pages/root.html.erb within layouts/application
  Rendered static_pages/root.html.erb within layouts/application (2.5ms)
Completed 200 OK in 442ms (Views: 432.3ms | ActiveRecord: 0.0ms)


Started GET "/" for ::1 at 2020-12-08 15:37:45 -0800
Processing by StaticPagesController#root as HTML
  Rendering static_pages/root.html.erb within layouts/application
  Rendered static_pages/root.html.erb within layouts/application (2.3ms)
Completed 200 OK in 25ms (Views: 23.2ms | ActiveRecord: 0.0ms)


Started GET "/" for ::1 at 2020-12-08 15:38:00 -0800
Processing by StaticPagesController#root as HTML
  Rendering static_pages/root.html.erb within layouts/application
  Rendered static_pages/root.html.erb within layouts/application (1.4ms)
Completed 200 OK in 29ms (Views: 26.5ms | ActiveRecord: 0.0ms)


Started GET "/" for ::1 at 2020-12-08 15:39:44 -0800
Processing by StaticPagesController#root as HTML
  Rendering static_pages/root.html.erb within layouts/application
  Rendered static_pages/root.html.erb within layouts/application (0.3ms)
Completed 200 OK in 319ms (Views: 315.0ms | ActiveRecord: 0.0ms)


Started GET "/" for ::1 at 2020-12-08 15:39:46 -0800
Processing by StaticPagesController#root as HTML
  Rendering static_pages/root.html.erb within layouts/application
  Rendered static_pages/root.html.erb within layouts/application (1.8ms)
Completed 200 OK in 29ms (Views: 25.7ms | ActiveRecord: 0.0ms)


Started GET "/" for ::1 at 2020-12-08 15:39:46 -0800
Processing by StaticPagesController#root as HTML
  Rendering static_pages/root.html.erb within layouts/application
  Rendered static_pages/root.html.erb within layouts/application (0.3ms)
Completed 200 OK in 23ms (Views: 20.4ms | ActiveRecord: 0.0ms)


Started GET "/" for ::1 at 2020-12-08 15:39:47 -0800
Processing by StaticPagesController#root as HTML
  Rendering static_pages/root.html.erb within layouts/application
  Rendered static_pages/root.html.erb within layouts/application (0.3ms)
Completed 200 OK in 31ms (Views: 28.9ms | ActiveRecord: 0.0ms)


Started GET "/" for ::1 at 2020-12-08 15:42:54 -0800
Processing by StaticPagesController#root as HTML
  Rendering static_pages/root.html.erb within layouts/application
  Rendered static_pages/root.html.erb within layouts/application (1.9ms)
Completed 200 OK in 74ms (Views: 64.3ms | ActiveRecord: 0.0ms)


Started GET "/" for ::1 at 2020-12-08 15:42:54 -0800
Processing by StaticPagesController#root as HTML
  Rendering static_pages/root.html.erb within layouts/application
  Rendered static_pages/root.html.erb within layouts/application (2.7ms)
Completed 200 OK in 33ms (Views: 28.7ms | ActiveRecord: 0.0ms)


Started GET "/" for ::1 at 2020-12-08 15:42:55 -0800
Processing by StaticPagesController#root as HTML
  Rendering static_pages/root.html.erb within layouts/application
  Rendered static_pages/root.html.erb within layouts/application (0.3ms)
Completed 200 OK in 31ms (Views: 27.0ms | ActiveRecord: 0.0ms)


Started GET "/" for ::1 at 2020-12-08 15:50:03 -0800
Processing by StaticPagesController#root as HTML
  Rendering static_pages/root.html.erb within layouts/application
  Rendered static_pages/root.html.erb within layouts/application (2.8ms)
Completed 200 OK in 71ms (Views: 62.0ms | ActiveRecord: 0.0ms)


Started GET "/" for ::1 at 2020-12-08 15:50:05 -0800
Processing by StaticPagesController#root as HTML
  Rendering static_pages/root.html.erb within layouts/application
  Rendered static_pages/root.html.erb within layouts/application (0.3ms)
Completed 200 OK in 35ms (Views: 32.4ms | ActiveRecord: 0.0ms)


Started GET "/" for ::1 at 2020-12-08 15:50:11 -0800
Processing by StaticPagesController#root as HTML
  Rendering static_pages/root.html.erb within layouts/application
  Rendered static_pages/root.html.erb within layouts/application (0.3ms)
Completed 200 OK in 35ms (Views: 30.6ms | ActiveRecord: 0.0ms)


Started GET "/" for ::1 at 2020-12-08 15:50:12 -0800
Processing by StaticPagesController#root as HTML
  Rendering static_pages/root.html.erb within layouts/application
  Rendered static_pages/root.html.erb within layouts/application (2.2ms)
Completed 200 OK in 36ms (Views: 32.9ms | ActiveRecord: 0.0ms)


Started GET "/" for ::1 at 2020-12-08 15:50:12 -0800
Processing by StaticPagesController#root as HTML
  Rendering static_pages/root.html.erb within layouts/application
  Rendered static_pages/root.html.erb within layouts/application (0.6ms)
Completed 200 OK in 67ms (Views: 61.5ms | ActiveRecord: 0.0ms)


Started GET "/" for ::1 at 2020-12-08 15:50:19 -0800
Processing by StaticPagesController#root as HTML
  Rendering static_pages/root.html.erb within layouts/application
  Rendered static_pages/root.html.erb within layouts/application (0.5ms)
Completed 200 OK in 27ms (Views: 24.3ms | ActiveRecord: 0.0ms)


Started GET "/" for ::1 at 2020-12-08 15:50:32 -0800
Processing by StaticPagesController#root as HTML
  Rendering static_pages/root.html.erb within layouts/application
  Rendered static_pages/root.html.erb within layouts/application (0.3ms)
Completed 200 OK in 25ms (Views: 21.6ms | ActiveRecord: 0.0ms)


Started GET "/" for ::1 at 2020-12-08 15:50:33 -0800
Processing by StaticPagesController#root as HTML
  Rendering static_pages/root.html.erb within layouts/application
  Rendered static_pages/root.html.erb within layouts/application (2.7ms)
Completed 200 OK in 24ms (Views: 21.6ms | ActiveRecord: 0.0ms)


Started GET "/" for ::1 at 2020-12-08 15:50:33 -0800
Processing by StaticPagesController#root as HTML
  Rendering static_pages/root.html.erb within layouts/application
  Rendered static_pages/root.html.erb within layouts/application (0.3ms)
Completed 200 OK in 25ms (Views: 21.8ms | ActiveRecord: 0.0ms)


Started GET "/" for ::1 at 2020-12-08 15:50:33 -0800
Processing by StaticPagesController#root as HTML
  Rendering static_pages/root.html.erb within layouts/application
  Rendered static_pages/root.html.erb within layouts/application (0.3ms)
Completed 200 OK in 25ms (Views: 21.6ms | ActiveRecord: 0.0ms)


Started GET "/" for ::1 at 2020-12-08 15:50:33 -0800
Processing by StaticPagesController#root as HTML
  Rendering static_pages/root.html.erb within layouts/application
  Rendered static_pages/root.html.erb within layouts/application (0.5ms)
Completed 200 OK in 24ms (Views: 21.8ms | ActiveRecord: 0.0ms)


Started GET "/" for ::1 at 2020-12-08 15:50:36 -0800
Processing by StaticPagesController#root as HTML
  Rendering static_pages/root.html.erb within layouts/application
  Rendered static_pages/root.html.erb within layouts/application (1.3ms)
Completed 200 OK in 24ms (Views: 21.3ms | ActiveRecord: 0.0ms)


Started GET "/" for ::1 at 2020-12-08 15:50:36 -0800
Processing by StaticPagesController#root as HTML
  Rendering static_pages/root.html.erb within layouts/application
  Rendered static_pages/root.html.erb within layouts/application (0.4ms)
Completed 200 OK in 32ms (Views: 29.3ms | ActiveRecord: 0.0ms)


Started GET "/" for ::1 at 2020-12-08 15:50:36 -0800
Processing by StaticPagesController#root as HTML
  Rendering static_pages/root.html.erb within layouts/application
  Rendered static_pages/root.html.erb within layouts/application (0.4ms)
Completed 200 OK in 27ms (Views: 24.2ms | ActiveRecord: 0.0ms)


Started GET "/" for ::1 at 2020-12-08 15:50:37 -0800
Processing by StaticPagesController#root as HTML
  Rendering static_pages/root.html.erb within layouts/application
  Rendered static_pages/root.html.erb within layouts/application (0.3ms)
Completed 200 OK in 25ms (Views: 21.6ms | ActiveRecord: 0.0ms)


Started GET "/" for ::1 at 2020-12-08 15:50:37 -0800
Processing by StaticPagesController#root as HTML
  Rendering static_pages/root.html.erb within layouts/application
  Rendered static_pages/root.html.erb within layouts/application (0.9ms)
Completed 200 OK in 26ms (Views: 23.4ms | ActiveRecord: 0.0ms)


Started GET "/" for ::1 at 2020-12-08 15:50:51 -0800
Processing by StaticPagesController#root as HTML
  Rendering static_pages/root.html.erb within layouts/application
  Rendered static_pages/root.html.erb within layouts/application (1.0ms)
Completed 200 OK in 31ms (Views: 27.6ms | ActiveRecord: 0.0ms)


Started GET "/" for ::1 at 2020-12-08 15:50:52 -0800
Processing by StaticPagesController#root as HTML
  Rendering static_pages/root.html.erb within layouts/application
  Rendered static_pages/root.html.erb within layouts/application (1.3ms)
Completed 200 OK in 25ms (Views: 22.2ms | ActiveRecord: 0.0ms)


Started GET "/" for ::1 at 2020-12-08 15:50:53 -0800
Processing by StaticPagesController#root as HTML
  Rendering static_pages/root.html.erb within layouts/application
  Rendered static_pages/root.html.erb within layouts/application (0.3ms)
Completed 200 OK in 26ms (Views: 23.6ms | ActiveRecord: 0.0ms)


Started GET "/" for ::1 at 2020-12-08 15:50:53 -0800
Processing by StaticPagesController#root as HTML
  Rendering static_pages/root.html.erb within layouts/application
  Rendered static_pages/root.html.erb within layouts/application (0.4ms)
Completed 200 OK in 31ms (Views: 28.9ms | ActiveRecord: 0.0ms)


Started GET "/" for ::1 at 2020-12-08 15:50:53 -0800
Processing by StaticPagesController#root as HTML
  Rendering static_pages/root.html.erb within layouts/application
  Rendered static_pages/root.html.erb within layouts/application (0.9ms)
Completed 200 OK in 33ms (Views: 29.7ms | ActiveRecord: 0.0ms)


Started GET "/" for ::1 at 2020-12-08 15:50:54 -0800
Processing by StaticPagesController#root as HTML
  Rendering static_pages/root.html.erb within layouts/application
  Rendered static_pages/root.html.erb within layouts/application (0.3ms)
Completed 200 OK in 22ms (Views: 19.5ms | ActiveRecord: 0.0ms)


Started GET "/" for ::1 at 2020-12-08 15:50:54 -0800
Processing by StaticPagesController#root as HTML
  Rendering static_pages/root.html.erb within layouts/application
  Rendered static_pages/root.html.erb within layouts/application (0.3ms)
Completed 200 OK in 27ms (Views: 24.5ms | ActiveRecord: 0.0ms)


Started GET "/" for ::1 at 2020-12-08 15:50:54 -0800
Processing by StaticPagesController#root as HTML
  Rendering static_pages/root.html.erb within layouts/application
  Rendered static_pages/root.html.erb within layouts/application (0.3ms)
Completed 200 OK in 26ms (Views: 23.4ms | ActiveRecord: 0.0ms)


Started GET "/" for ::1 at 2020-12-08 15:50:55 -0800
Processing by StaticPagesController#root as HTML
  Rendering static_pages/root.html.erb within layouts/application
  Rendered static_pages/root.html.erb within layouts/application (0.3ms)
Completed 200 OK in 22ms (Views: 19.5ms | ActiveRecord: 0.0ms)


Started GET "/" for ::1 at 2020-12-08 15:50:55 -0800
Processing by StaticPagesController#root as HTML
  Rendering static_pages/root.html.erb within layouts/application
  Rendered static_pages/root.html.erb within layouts/application (0.3ms)
Completed 200 OK in 25ms (Views: 22.0ms | ActiveRecord: 0.0ms)


Started GET "/" for ::1 at 2020-12-08 15:50:56 -0800
Processing by StaticPagesController#root as HTML
  Rendering static_pages/root.html.erb within layouts/application
  Rendered static_pages/root.html.erb within layouts/application (0.3ms)
Completed 200 OK in 26ms (Views: 23.1ms | ActiveRecord: 0.0ms)


Started GET "/" for ::1 at 2020-12-08 15:50:56 -0800
Processing by StaticPagesController#root as HTML
  Rendering static_pages/root.html.erb within layouts/application
  Rendered static_pages/root.html.erb within layouts/application (0.4ms)
Completed 200 OK in 25ms (Views: 21.8ms | ActiveRecord: 0.0ms)


Started GET "/" for ::1 at 2020-12-08 15:50:56 -0800
Processing by StaticPagesController#root as HTML
  Rendering static_pages/root.html.erb within layouts/application
  Rendered static_pages/root.html.erb within layouts/application (0.4ms)
Completed 200 OK in 29ms (Views: 25.8ms | ActiveRecord: 0.0ms)


Started GET "/" for ::1 at 2020-12-08 15:50:56 -0800
Processing by StaticPagesController#root as HTML
  Rendering static_pages/root.html.erb within layouts/application
  Rendered static_pages/root.html.erb within layouts/application (0.9ms)
Completed 200 OK in 24ms (Views: 20.1ms | ActiveRecord: 0.0ms)


Started GET "/" for ::1 at 2020-12-08 15:50:57 -0800
Processing by StaticPagesController#root as HTML
  Rendering static_pages/root.html.erb within layouts/application
  Rendered static_pages/root.html.erb within layouts/application (0.4ms)
Completed 200 OK in 23ms (Views: 19.5ms | ActiveRecord: 0.0ms)


Started GET "/" for ::1 at 2020-12-08 15:50:59 -0800
Processing by StaticPagesController#root as HTML
  Rendering static_pages/root.html.erb within layouts/application
  Rendered static_pages/root.html.erb within layouts/application (0.3ms)
Completed 200 OK in 22ms (Views: 19.6ms | ActiveRecord: 0.0ms)


Started GET "/" for ::1 at 2020-12-08 15:50:59 -0800
Processing by StaticPagesController#root as HTML
  Rendering static_pages/root.html.erb within layouts/application
  Rendered static_pages/root.html.erb within layouts/application (0.3ms)
Completed 200 OK in 23ms (Views: 19.8ms | ActiveRecord: 0.0ms)


Started GET "/" for ::1 at 2020-12-08 15:51:00 -0800
Processing by StaticPagesController#root as HTML
  Rendering static_pages/root.html.erb within layouts/application
  Rendered static_pages/root.html.erb within layouts/application (1.3ms)
Completed 200 OK in 24ms (Views: 20.9ms | ActiveRecord: 0.0ms)


Started GET "/" for ::1 at 2020-12-08 15:51:01 -0800
Processing by StaticPagesController#root as HTML
  Rendering static_pages/root.html.erb within layouts/application
  Rendered static_pages/root.html.erb within layouts/application (0.3ms)
Completed 200 OK in 22ms (Views: 19.5ms | ActiveRecord: 0.0ms)


Started GET "/" for ::1 at 2020-12-08 15:51:01 -0800
Processing by StaticPagesController#root as HTML
  Rendering static_pages/root.html.erb within layouts/application
  Rendered static_pages/root.html.erb within layouts/application (0.3ms)
Completed 200 OK in 23ms (Views: 20.4ms | ActiveRecord: 0.0ms)


Started GET "/" for ::1 at 2020-12-08 15:51:01 -0800
Processing by StaticPagesController#root as HTML
  Rendering static_pages/root.html.erb within layouts/application
  Rendered static_pages/root.html.erb within layouts/application (0.3ms)
Completed 200 OK in 22ms (Views: 19.0ms | ActiveRecord: 0.0ms)


Started GET "/" for ::1 at 2020-12-08 15:51:01 -0800
Processing by StaticPagesController#root as HTML
  Rendering static_pages/root.html.erb within layouts/application
  Rendered static_pages/root.html.erb within layouts/application (0.3ms)
Completed 200 OK in 20ms (Views: 17.4ms | ActiveRecord: 0.0ms)


Started GET "/" for ::1 at 2020-12-08 15:51:02 -0800
Processing by StaticPagesController#root as HTML
  Rendering static_pages/root.html.erb within layouts/application
  Rendered static_pages/root.html.erb within layouts/application (1.4ms)
Completed 200 OK in 22ms (Views: 19.5ms | ActiveRecord: 0.0ms)


Started GET "/" for ::1 at 2020-12-08 15:51:02 -0800
Processing by StaticPagesController#root as HTML
  Rendering static_pages/root.html.erb within layouts/application
  Rendered static_pages/root.html.erb within layouts/application (0.3ms)
Completed 200 OK in 25ms (Views: 22.8ms | ActiveRecord: 0.0ms)


Started GET "/" for ::1 at 2020-12-08 15:51:02 -0800
Processing by StaticPagesController#root as HTML
  Rendering static_pages/root.html.erb within layouts/application
  Rendered static_pages/root.html.erb within layouts/application (1.0ms)
Completed 200 OK in 25ms (Views: 21.7ms | ActiveRecord: 0.0ms)


Started GET "/" for ::1 at 2020-12-08 15:51:02 -0800
Processing by StaticPagesController#root as HTML
  Rendering static_pages/root.html.erb within layouts/application
  Rendered static_pages/root.html.erb within layouts/application (0.3ms)
Completed 200 OK in 24ms (Views: 21.2ms | ActiveRecord: 0.0ms)


Started GET "/" for ::1 at 2020-12-08 15:51:02 -0800
Processing by StaticPagesController#root as HTML
  Rendering static_pages/root.html.erb within layouts/application
  Rendered static_pages/root.html.erb within layouts/application (0.3ms)
Completed 200 OK in 22ms (Views: 19.2ms | ActiveRecord: 0.0ms)


Started GET "/" for ::1 at 2020-12-08 15:51:03 -0800
Processing by StaticPagesController#root as HTML
  Rendering static_pages/root.html.erb within layouts/application
  Rendered static_pages/root.html.erb within layouts/application (0.3ms)
Completed 200 OK in 25ms (Views: 22.3ms | ActiveRecord: 0.0ms)


Started GET "/" for ::1 at 2020-12-08 15:51:16 -0800
Processing by StaticPagesController#root as HTML
  Rendering static_pages/root.html.erb within layouts/application
  Rendered static_pages/root.html.erb within layouts/application (0.3ms)
Completed 200 OK in 27ms (Views: 23.6ms | ActiveRecord: 0.0ms)


Started GET "/" for ::1 at 2020-12-08 15:51:16 -0800
Processing by StaticPagesController#root as HTML
  Rendering static_pages/root.html.erb within layouts/application
  Rendered static_pages/root.html.erb within layouts/application (0.3ms)
Completed 200 OK in 31ms (Views: 27.6ms | ActiveRecord: 0.0ms)


Started GET "/" for ::1 at 2020-12-08 15:51:16 -0800
Processing by StaticPagesController#root as HTML
  Rendering static_pages/root.html.erb within layouts/application
  Rendered static_pages/root.html.erb within layouts/application (0.3ms)
Completed 200 OK in 23ms (Views: 20.6ms | ActiveRecord: 0.0ms)


Started GET "/" for ::1 at 2020-12-08 15:51:17 -0800
Processing by StaticPagesController#root as HTML
  Rendering static_pages/root.html.erb within layouts/application
  Rendered static_pages/root.html.erb within layouts/application (0.3ms)
Completed 200 OK in 27ms (Views: 23.9ms | ActiveRecord: 0.0ms)


Started GET "/" for ::1 at 2020-12-08 15:52:13 -0800
Processing by StaticPagesController#root as HTML
  Rendering static_pages/root.html.erb within layouts/application
  Rendered static_pages/root.html.erb within layouts/application (0.3ms)
Completed 200 OK in 32ms (Views: 29.4ms | ActiveRecord: 0.0ms)


Started GET "/" for ::1 at 2020-12-08 15:52:13 -0800
Processing by StaticPagesController#root as HTML
  Rendering static_pages/root.html.erb within layouts/application
  Rendered static_pages/root.html.erb within layouts/application (0.9ms)
Completed 200 OK in 23ms (Views: 20.1ms | ActiveRecord: 0.0ms)


Started GET "/" for ::1 at 2020-12-08 15:52:14 -0800
Processing by StaticPagesController#root as HTML
  Rendering static_pages/root.html.erb within layouts/application
  Rendered static_pages/root.html.erb within layouts/application (0.3ms)
Completed 200 OK in 26ms (Views: 23.6ms | ActiveRecord: 0.0ms)


Started GET "/" for ::1 at 2020-12-08 15:52:16 -0800
Processing by StaticPagesController#root as HTML
  Rendering static_pages/root.html.erb within layouts/application
  Rendered static_pages/root.html.erb within layouts/application (0.4ms)
Completed 200 OK in 24ms (Views: 21.7ms | ActiveRecord: 0.0ms)


Started GET "/" for ::1 at 2020-12-08 15:54:55 -0800
Processing by StaticPagesController#root as HTML
  Rendering static_pages/root.html.erb within layouts/application
  Rendered static_pages/root.html.erb within layouts/application (2.2ms)
Completed 200 OK in 85ms (Views: 74.8ms | ActiveRecord: 0.0ms)


Started GET "/" for ::1 at 2020-12-08 15:54:56 -0800
Processing by StaticPagesController#root as HTML
  Rendering static_pages/root.html.erb within layouts/application
  Rendered static_pages/root.html.erb within layouts/application (0.4ms)
Completed 200 OK in 63ms (Views: 58.4ms | ActiveRecord: 0.0ms)


Started GET "/" for ::1 at 2020-12-08 15:55:03 -0800
Processing by StaticPagesController#root as HTML
  Rendering static_pages/root.html.erb within layouts/application
  Rendered static_pages/root.html.erb within layouts/application (0.4ms)
Completed 200 OK in 30ms (Views: 27.1ms | ActiveRecord: 0.0ms)


Started GET "/" for ::1 at 2020-12-08 15:55:04 -0800
Processing by StaticPagesController#root as HTML
  Rendering static_pages/root.html.erb within layouts/application
  Rendered static_pages/root.html.erb within layouts/application (1.8ms)
Completed 200 OK in 28ms (Views: 25.4ms | ActiveRecord: 0.0ms)


Started GET "/" for ::1 at 2020-12-08 15:55:04 -0800
Processing by StaticPagesController#root as HTML
  Rendering static_pages/root.html.erb within layouts/application
  Rendered static_pages/root.html.erb within layouts/application (0.4ms)
Completed 200 OK in 26ms (Views: 22.5ms | ActiveRecord: 0.0ms)


Started GET "/" for ::1 at 2020-12-08 15:55:36 -0800
Processing by StaticPagesController#root as HTML
  Rendering static_pages/root.html.erb within layouts/application
  Rendered static_pages/root.html.erb within layouts/application (0.3ms)
Completed 200 OK in 69ms (Views: 65.9ms | ActiveRecord: 0.0ms)


Started GET "/" for ::1 at 2020-12-08 15:55:41 -0800
Processing by StaticPagesController#root as HTML
  Rendering static_pages/root.html.erb within layouts/application
  Rendered static_pages/root.html.erb within layouts/application (0.3ms)
Completed 200 OK in 26ms (Views: 22.8ms | ActiveRecord: 0.0ms)


Started GET "/" for ::1 at 2020-12-08 15:58:15 -0800
Processing by StaticPagesController#root as HTML
  Rendering static_pages/root.html.erb within layouts/application
  Rendered static_pages/root.html.erb within layouts/application (0.4ms)
Completed 200 OK in 39ms (Views: 35.0ms | ActiveRecord: 0.0ms)


Started GET "/" for ::1 at 2020-12-08 15:58:16 -0800
Processing by StaticPagesController#root as HTML
  Rendering static_pages/root.html.erb within layouts/application
  Rendered static_pages/root.html.erb within layouts/application (0.4ms)
Completed 200 OK in 30ms (Views: 28.0ms | ActiveRecord: 0.0ms)


Started GET "/" for ::1 at 2020-12-08 15:58:16 -0800
Processing by StaticPagesController#root as HTML
  Rendering static_pages/root.html.erb within layouts/application
  Rendered static_pages/root.html.erb within layouts/application (1.0ms)
Completed 200 OK in 23ms (Views: 20.3ms | ActiveRecord: 0.0ms)


Started GET "/" for ::1 at 2020-12-08 15:58:16 -0800
Processing by StaticPagesController#root as HTML
  Rendering static_pages/root.html.erb within layouts/application
  Rendered static_pages/root.html.erb within layouts/application (1.0ms)
Completed 200 OK in 22ms (Views: 19.7ms | ActiveRecord: 0.0ms)


Started GET "/" for ::1 at 2020-12-08 15:58:17 -0800
Processing by StaticPagesController#root as HTML
  Rendering static_pages/root.html.erb within layouts/application
  Rendered static_pages/root.html.erb within layouts/application (1.1ms)
Completed 200 OK in 24ms (Views: 21.1ms | ActiveRecord: 0.0ms)


Started GET "/" for ::1 at 2020-12-08 15:58:17 -0800
Processing by StaticPagesController#root as HTML
  Rendering static_pages/root.html.erb within layouts/application
  Rendered static_pages/root.html.erb within layouts/application (0.3ms)
Completed 200 OK in 22ms (Views: 19.3ms | ActiveRecord: 0.0ms)


Started GET "/" for ::1 at 2020-12-08 15:58:17 -0800
Processing by StaticPagesController#root as HTML
  Rendering static_pages/root.html.erb within layouts/application
  Rendered static_pages/root.html.erb within layouts/application (0.3ms)
Completed 200 OK in 23ms (Views: 20.7ms | ActiveRecord: 0.0ms)


Started GET "/" for ::1 at 2020-12-08 15:58:17 -0800
Processing by StaticPagesController#root as HTML
  Rendering static_pages/root.html.erb within layouts/application
  Rendered static_pages/root.html.erb within layouts/application (0.3ms)
Completed 200 OK in 23ms (Views: 20.6ms | ActiveRecord: 0.0ms)


Started GET "/" for ::1 at 2020-12-08 15:58:17 -0800
Processing by StaticPagesController#root as HTML
  Rendering static_pages/root.html.erb within layouts/application
  Rendered static_pages/root.html.erb within layouts/application (0.3ms)
Completed 200 OK in 22ms (Views: 19.4ms | ActiveRecord: 0.0ms)


Started GET "/" for ::1 at 2020-12-08 15:58:18 -0800
Processing by StaticPagesController#root as HTML
  Rendering static_pages/root.html.erb within layouts/application
  Rendered static_pages/root.html.erb within layouts/application (0.4ms)
Completed 200 OK in 28ms (Views: 24.9ms | ActiveRecord: 0.0ms)


Started GET "/" for ::1 at 2020-12-08 15:58:36 -0800
Processing by StaticPagesController#root as HTML
  Rendering static_pages/root.html.erb within layouts/application
  Rendered static_pages/root.html.erb within layouts/application (0.4ms)
Completed 200 OK in 288ms (Views: 285.6ms | ActiveRecord: 0.0ms)


Started GET "/" for ::1 at 2020-12-08 15:58:37 -0800
Processing by StaticPagesController#root as HTML
  Rendering static_pages/root.html.erb within layouts/application
  Rendered static_pages/root.html.erb within layouts/application (0.3ms)
Completed 200 OK in 23ms (Views: 20.0ms | ActiveRecord: 0.0ms)


Started GET "/" for ::1 at 2020-12-08 15:58:38 -0800
Processing by StaticPagesController#root as HTML
  Rendering static_pages/root.html.erb within layouts/application
  Rendered static_pages/root.html.erb within layouts/application (0.3ms)
Completed 200 OK in 22ms (Views: 19.7ms | ActiveRecord: 0.0ms)


Started GET "/" for ::1 at 2020-12-08 15:58:39 -0800
Processing by StaticPagesController#root as HTML
  Rendering static_pages/root.html.erb within layouts/application
  Rendered static_pages/root.html.erb within layouts/application (2.1ms)
Completed 200 OK in 23ms (Views: 20.5ms | ActiveRecord: 0.0ms)


Started GET "/" for ::1 at 2020-12-08 15:58:39 -0800
Processing by StaticPagesController#root as HTML
  Rendering static_pages/root.html.erb within layouts/application
  Rendered static_pages/root.html.erb within layouts/application (0.4ms)
Completed 200 OK in 23ms (Views: 20.0ms | ActiveRecord: 0.0ms)


Started GET "/" for ::1 at 2020-12-08 16:00:10 -0800
Processing by StaticPagesController#root as HTML
  Rendering static_pages/root.html.erb within layouts/application
  Rendered static_pages/root.html.erb within layouts/application (1.1ms)
Completed 200 OK in 55ms (Views: 50.7ms | ActiveRecord: 0.0ms)


Started GET "/" for ::1 at 2020-12-08 16:00:10 -0800
Processing by StaticPagesController#root as HTML
  Rendering static_pages/root.html.erb within layouts/application
  Rendered static_pages/root.html.erb within layouts/application (0.9ms)
Completed 200 OK in 23ms (Views: 20.9ms | ActiveRecord: 0.0ms)


Started GET "/" for ::1 at 2020-12-08 16:00:11 -0800
Processing by StaticPagesController#root as HTML
  Rendering static_pages/root.html.erb within layouts/application
  Rendered static_pages/root.html.erb within layouts/application (0.3ms)
Completed 200 OK in 23ms (Views: 20.5ms | ActiveRecord: 0.0ms)


Started GET "/" for ::1 at 2020-12-08 16:00:11 -0800
Processing by StaticPagesController#root as HTML
  Rendering static_pages/root.html.erb within layouts/application
  Rendered static_pages/root.html.erb within layouts/application (0.3ms)
Completed 200 OK in 22ms (Views: 19.3ms | ActiveRecord: 0.0ms)


Started GET "/" for ::1 at 2020-12-08 16:59:57 -0800
Processing by StaticPagesController#root as HTML
  Rendering static_pages/root.html.erb within layouts/application
  Rendered static_pages/root.html.erb within layouts/application (3.1ms)
Completed 200 OK in 436ms (Views: 419.9ms | ActiveRecord: 0.0ms)


Started GET "/" for ::1 at 2020-12-08 17:06:13 -0800
Processing by StaticPagesController#root as HTML
  Rendering static_pages/root.html.erb within layouts/application
  Rendered static_pages/root.html.erb within layouts/application (1.6ms)
Completed 200 OK in 182ms (Views: 174.2ms | ActiveRecord: 0.0ms)


Started GET "/" for ::1 at 2020-12-08 17:06:14 -0800
Processing by StaticPagesController#root as HTML
  Rendering static_pages/root.html.erb within layouts/application
  Rendered static_pages/root.html.erb within layouts/application (1.7ms)
Completed 200 OK in 34ms (Views: 31.0ms | ActiveRecord: 0.0ms)


Started GET "/" for ::1 at 2020-12-08 17:09:32 -0800
Processing by StaticPagesController#root as HTML
  Rendering static_pages/root.html.erb within layouts/application
  Rendered static_pages/root.html.erb within layouts/application (0.5ms)
Completed 200 OK in 72ms (Views: 68.8ms | ActiveRecord: 0.0ms)


Started GET "/" for ::1 at 2020-12-08 17:09:35 -0800
Processing by StaticPagesController#root as HTML
  Rendering static_pages/root.html.erb within layouts/application
  Rendered static_pages/root.html.erb within layouts/application (42.0ms)
Completed 200 OK in 85ms (Views: 81.0ms | ActiveRecord: 0.0ms)


Started GET "/" for ::1 at 2020-12-08 17:09:47 -0800
Processing by StaticPagesController#root as HTML
  Rendering static_pages/root.html.erb within layouts/application
  Rendered static_pages/root.html.erb within layouts/application (1.9ms)
Completed 200 OK in 50ms (Views: 46.3ms | ActiveRecord: 0.0ms)


Started GET "/signup" for ::1 at 2020-12-08 17:09:54 -0800
  
ActionController::RoutingError (No route matches [GET] "/signup"):
  
actionpack (5.2.4.4) lib/action_dispatch/middleware/debug_exceptions.rb:65:in `call'
web-console (3.7.0) lib/web_console/middleware.rb:135:in `call_app'
web-console (3.7.0) lib/web_console/middleware.rb:30:in `block in call'
web-console (3.7.0) lib/web_console/middleware.rb:20:in `catch'
web-console (3.7.0) lib/web_console/middleware.rb:20:in `call'
actionpack (5.2.4.4) lib/action_dispatch/middleware/show_exceptions.rb:33:in `call'
railties (5.2.4.4) lib/rails/rack/logger.rb:38:in `call_app'
railties (5.2.4.4) lib/rails/rack/logger.rb:26:in `block in call'
activesupport (5.2.4.4) lib/active_support/tagged_logging.rb:71:in `block in tagged'
activesupport (5.2.4.4) lib/active_support/tagged_logging.rb:28:in `tagged'
activesupport (5.2.4.4) lib/active_support/tagged_logging.rb:71:in `tagged'
railties (5.2.4.4) lib/rails/rack/logger.rb:26:in `call'
sprockets-rails (3.2.2) lib/sprockets/rails/quiet_assets.rb:13:in `call'
actionpack (5.2.4.4) lib/action_dispatch/middleware/remote_ip.rb:81:in `call'
actionpack (5.2.4.4) lib/action_dispatch/middleware/request_id.rb:27:in `call'
rack (2.2.3) lib/rack/method_override.rb:24:in `call'
rack (2.2.3) lib/rack/runtime.rb:22:in `call'
activesupport (5.2.4.4) lib/active_support/cache/strategy/local_cache_middleware.rb:29:in `call'
actionpack (5.2.4.4) lib/action_dispatch/middleware/executor.rb:14:in `call'
actionpack (5.2.4.4) lib/action_dispatch/middleware/static.rb:127:in `call'
rack (2.2.3) lib/rack/sendfile.rb:110:in `call'
railties (5.2.4.4) lib/rails/engine.rb:524:in `call'
puma (3.12.6) lib/puma/configuration.rb:227:in `call'
puma (3.12.6) lib/puma/server.rb:706:in `handle_request'
puma (3.12.6) lib/puma/server.rb:476:in `process_client'
puma (3.12.6) lib/puma/server.rb:334:in `block in run'
puma (3.12.6) lib/puma/thread_pool.rb:135:in `block in spawn_thread'
Started GET "/" for ::1 at 2020-12-08 17:10:08 -0800
Processing by StaticPagesController#root as HTML
  Rendering static_pages/root.html.erb within layouts/application
  Rendered static_pages/root.html.erb within layouts/application (0.3ms)
Completed 200 OK in 31ms (Views: 27.8ms | ActiveRecord: 0.0ms)


Started GET "/" for ::1 at 2020-12-08 17:10:13 -0800
Processing by StaticPagesController#root as HTML
  Rendering static_pages/root.html.erb within layouts/application
  Rendered static_pages/root.html.erb within layouts/application (0.3ms)
Completed 200 OK in 36ms (Views: 32.9ms | ActiveRecord: 0.0ms)


Started GET "/" for ::1 at 2020-12-08 17:11:46 -0800
Processing by StaticPagesController#root as HTML
  Rendering static_pages/root.html.erb within layouts/application
  Rendered static_pages/root.html.erb within layouts/application (2.0ms)
Completed 200 OK in 358ms (Views: 350.7ms | ActiveRecord: 0.0ms)


Started GET "/" for ::1 at 2020-12-08 17:11:48 -0800
Processing by StaticPagesController#root as HTML
  Rendering static_pages/root.html.erb within layouts/application
  Rendered static_pages/root.html.erb within layouts/application (0.4ms)
Completed 200 OK in 22ms (Views: 19.3ms | ActiveRecord: 0.0ms)


Started GET "/" for ::1 at 2020-12-08 17:12:11 -0800
Processing by StaticPagesController#root as HTML
  Rendering static_pages/root.html.erb within layouts/application
  Rendered static_pages/root.html.erb within layouts/application (0.4ms)
Completed 200 OK in 32ms (Views: 27.2ms | ActiveRecord: 0.0ms)


Started GET "/" for ::1 at 2020-12-08 17:12:58 -0800
Processing by StaticPagesController#root as HTML
  Rendering static_pages/root.html.erb within layouts/application
  Rendered static_pages/root.html.erb within layouts/application (0.8ms)
Completed 200 OK in 39ms (Views: 33.3ms | ActiveRecord: 0.0ms)


Started GET "/" for ::1 at 2020-12-08 17:13:48 -0800
Processing by StaticPagesController#root as HTML
  Rendering static_pages/root.html.erb within layouts/application
  Rendered static_pages/root.html.erb within layouts/application (0.9ms)
Completed 200 OK in 41ms (Views: 35.9ms | ActiveRecord: 0.0ms)


Started GET "/" for ::1 at 2020-12-08 17:13:49 -0800
Processing by StaticPagesController#root as HTML
  Rendering static_pages/root.html.erb within layouts/application
  Rendered static_pages/root.html.erb within layouts/application (0.9ms)
Completed 200 OK in 30ms (Views: 26.2ms | ActiveRecord: 0.0ms)


Started GET "/" for ::1 at 2020-12-08 17:17:27 -0800
Processing by StaticPagesController#root as HTML
  Rendering static_pages/root.html.erb within layouts/application
  Rendered static_pages/root.html.erb within layouts/application (2.2ms)
Completed 200 OK in 74ms (Views: 64.1ms | ActiveRecord: 0.0ms)


Started GET "/" for ::1 at 2020-12-08 17:17:28 -0800
Processing by StaticPagesController#root as HTML
  Rendering static_pages/root.html.erb within layouts/application
  Rendered static_pages/root.html.erb within layouts/application (0.5ms)
Completed 200 OK in 46ms (Views: 42.3ms | ActiveRecord: 0.0ms)


Started GET "/" for ::1 at 2020-12-08 17:17:28 -0800
Processing by StaticPagesController#root as HTML
  Rendering static_pages/root.html.erb within layouts/application
  Rendered static_pages/root.html.erb within layouts/application (0.4ms)
Completed 200 OK in 69ms (Views: 65.7ms | ActiveRecord: 0.0ms)


Started GET "/" for ::1 at 2020-12-08 17:17:28 -0800
Processing by StaticPagesController#root as HTML
  Rendering static_pages/root.html.erb within layouts/application
  Rendered static_pages/root.html.erb within layouts/application (0.3ms)
Completed 200 OK in 26ms (Views: 23.7ms | ActiveRecord: 0.0ms)


Started GET "/" for ::1 at 2020-12-08 17:17:33 -0800
Processing by StaticPagesController#root as HTML
  Rendering static_pages/root.html.erb within layouts/application
  Rendered static_pages/root.html.erb within layouts/application (0.3ms)
Completed 200 OK in 27ms (Views: 24.0ms | ActiveRecord: 0.0ms)


Started GET "/" for ::1 at 2020-12-08 17:17:40 -0800
Processing by StaticPagesController#root as HTML
  Rendering static_pages/root.html.erb within layouts/application
  Rendered static_pages/root.html.erb within layouts/application (0.4ms)
Completed 200 OK in 28ms (Views: 24.4ms | ActiveRecord: 0.0ms)


Started GET "/" for ::1 at 2020-12-08 17:17:41 -0800
Processing by StaticPagesController#root as HTML
  Rendering static_pages/root.html.erb within layouts/application
  Rendered static_pages/root.html.erb within layouts/application (0.3ms)
Completed 200 OK in 29ms (Views: 25.4ms | ActiveRecord: 0.0ms)


Started GET "/" for ::1 at 2020-12-08 17:17:50 -0800
Processing by StaticPagesController#root as HTML
  Rendering static_pages/root.html.erb within layouts/application
  Rendered static_pages/root.html.erb within layouts/application (1.6ms)
Completed 200 OK in 34ms (Views: 29.8ms | ActiveRecord: 0.0ms)


Started GET "/" for ::1 at 2020-12-08 17:23:00 -0800
Processing by StaticPagesController#root as HTML
  Rendering static_pages/root.html.erb within layouts/application
  Rendered static_pages/root.html.erb within layouts/application (2.3ms)
Completed 200 OK in 84ms (Views: 74.3ms | ActiveRecord: 0.0ms)


Started GET "/" for ::1 at 2020-12-08 17:23:01 -0800
Processing by StaticPagesController#root as HTML
  Rendering static_pages/root.html.erb within layouts/application
  Rendered static_pages/root.html.erb within layouts/application (0.5ms)
Completed 200 OK in 79ms (Views: 73.5ms | ActiveRecord: 0.0ms)


Started GET "/" for ::1 at 2020-12-08 17:23:25 -0800
Processing by StaticPagesController#root as HTML
  Rendering static_pages/root.html.erb within layouts/application
  Rendered static_pages/root.html.erb within layouts/application (1.7ms)
Completed 200 OK in 34ms (Views: 31.4ms | ActiveRecord: 0.0ms)


Started GET "/" for ::1 at 2020-12-08 17:37:12 -0800
Processing by StaticPagesController#root as HTML
  Rendering static_pages/root.html.erb within layouts/application
  Rendered static_pages/root.html.erb within layouts/application (1.6ms)
  [1m[36mUser Load (9.5ms)[0m  [1m[34mSELECT  "users".* FROM "users" WHERE "users"."session_token" IS NULL LIMIT $1[0m  [["LIMIT", 1]]
  ↳ app/controllers/application_controller.rb:7
Completed 200 OK in 654ms (Views: 594.6ms | ActiveRecord: 52.0ms)


Started GET "/" for ::1 at 2020-12-08 17:50:32 -0800
Processing by StaticPagesController#root as HTML
  Rendering static_pages/root.html.erb within layouts/application
  Rendered static_pages/root.html.erb within layouts/application (5.8ms)
  [1m[36mUser Load (0.8ms)[0m  [1m[34mSELECT  "users".* FROM "users" WHERE "users"."session_token" IS NULL LIMIT $1[0m  [["LIMIT", 1]]
  ↳ app/controllers/application_controller.rb:7
Completed 200 OK in 113ms (Views: 99.8ms | ActiveRecord: 1.0ms)


Started GET "/" for ::1 at 2020-12-08 17:51:31 -0800
Processing by StaticPagesController#root as HTML
  Rendering static_pages/root.html.erb within layouts/application
  Rendered static_pages/root.html.erb within layouts/application (1.1ms)
  [1m[36mUser Load (0.4ms)[0m  [1m[34mSELECT  "users".* FROM "users" WHERE "users"."session_token" IS NULL LIMIT $1[0m  [["LIMIT", 1]]
  ↳ app/controllers/application_controller.rb:7
Completed 200 OK in 73ms (Views: 67.7ms | ActiveRecord: 0.4ms)


Started GET "/signup" for ::1 at 2020-12-08 17:51:57 -0800
  
ActionController::RoutingError (No route matches [GET] "/signup"):
  
actionpack (5.2.4.4) lib/action_dispatch/middleware/debug_exceptions.rb:65:in `call'
web-console (3.7.0) lib/web_console/middleware.rb:135:in `call_app'
web-console (3.7.0) lib/web_console/middleware.rb:30:in `block in call'
web-console (3.7.0) lib/web_console/middleware.rb:20:in `catch'
web-console (3.7.0) lib/web_console/middleware.rb:20:in `call'
actionpack (5.2.4.4) lib/action_dispatch/middleware/show_exceptions.rb:33:in `call'
railties (5.2.4.4) lib/rails/rack/logger.rb:38:in `call_app'
railties (5.2.4.4) lib/rails/rack/logger.rb:26:in `block in call'
activesupport (5.2.4.4) lib/active_support/tagged_logging.rb:71:in `block in tagged'
activesupport (5.2.4.4) lib/active_support/tagged_logging.rb:28:in `tagged'
activesupport (5.2.4.4) lib/active_support/tagged_logging.rb:71:in `tagged'
railties (5.2.4.4) lib/rails/rack/logger.rb:26:in `call'
sprockets-rails (3.2.2) lib/sprockets/rails/quiet_assets.rb:13:in `call'
actionpack (5.2.4.4) lib/action_dispatch/middleware/remote_ip.rb:81:in `call'
actionpack (5.2.4.4) lib/action_dispatch/middleware/request_id.rb:27:in `call'
rack (2.2.3) lib/rack/method_override.rb:24:in `call'
rack (2.2.3) lib/rack/runtime.rb:22:in `call'
activesupport (5.2.4.4) lib/active_support/cache/strategy/local_cache_middleware.rb:29:in `call'
actionpack (5.2.4.4) lib/action_dispatch/middleware/executor.rb:14:in `call'
actionpack (5.2.4.4) lib/action_dispatch/middleware/static.rb:127:in `call'
rack (2.2.3) lib/rack/sendfile.rb:110:in `call'
railties (5.2.4.4) lib/rails/engine.rb:524:in `call'
puma (3.12.6) lib/puma/configuration.rb:227:in `call'
puma (3.12.6) lib/puma/server.rb:706:in `handle_request'
puma (3.12.6) lib/puma/server.rb:476:in `process_client'
puma (3.12.6) lib/puma/server.rb:334:in `block in run'
puma (3.12.6) lib/puma/thread_pool.rb:135:in `block in spawn_thread'
Started GET "/" for ::1 at 2020-12-08 17:52:05 -0800
Processing by StaticPagesController#root as HTML
  Rendering static_pages/root.html.erb within layouts/application
  Rendered static_pages/root.html.erb within layouts/application (0.5ms)
  [1m[36mUser Load (1.3ms)[0m  [1m[34mSELECT  "users".* FROM "users" WHERE "users"."session_token" IS NULL LIMIT $1[0m  [["LIMIT", 1]]
  ↳ app/controllers/application_controller.rb:7
Completed 200 OK in 384ms (Views: 379.5ms | ActiveRecord: 1.3ms)


Started GET "/" for ::1 at 2020-12-08 17:53:49 -0800
Processing by StaticPagesController#root as HTML
  Rendering static_pages/root.html.erb within layouts/application
  Rendered static_pages/root.html.erb within layouts/application (0.4ms)
  [1m[36mUser Load (0.4ms)[0m  [1m[34mSELECT  "users".* FROM "users" WHERE "users"."session_token" IS NULL LIMIT $1[0m  [["LIMIT", 1]]
  ↳ app/controllers/application_controller.rb:7
Completed 200 OK in 56ms (Views: 51.7ms | ActiveRecord: 0.4ms)


Started GET "/" for ::1 at 2020-12-08 17:54:15 -0800
Processing by StaticPagesController#root as HTML
  Rendering static_pages/root.html.erb within layouts/application
  Rendered static_pages/root.html.erb within layouts/application (0.4ms)
  [1m[36mUser Load (0.6ms)[0m  [1m[34mSELECT  "users".* FROM "users" WHERE "users"."session_token" IS NULL LIMIT $1[0m  [["LIMIT", 1]]
  ↳ app/controllers/application_controller.rb:7
Completed 200 OK in 57ms (Views: 52.5ms | ActiveRecord: 0.6ms)


Started GET "/" for ::1 at 2020-12-08 17:54:44 -0800
  [1m[35m (5.2ms)[0m  [1m[34mSELECT "schema_migrations"."version" FROM "schema_migrations" ORDER BY "schema_migrations"."version" ASC[0m
  ↳ /Users/sanyung/.rbenv/versions/2.5.1/lib/ruby/gems/2.5.0/gems/activerecord-5.2.4.4/lib/active_record/log_subscriber.rb:98
Processing by StaticPagesController#root as HTML
  Rendering static_pages/root.html.erb within layouts/application
  Rendered static_pages/root.html.erb within layouts/application (1.6ms)
  [1m[36mUser Load (0.6ms)[0m  [1m[34mSELECT  "users".* FROM "users" WHERE "users"."session_token" IS NULL LIMIT $1[0m  [["LIMIT", 1]]
  ↳ app/controllers/application_controller.rb:7
Completed 200 OK in 1354ms (Views: 1343.5ms | ActiveRecord: 3.0ms)


Started GET "/" for ::1 at 2020-12-08 17:55:41 -0800
Processing by StaticPagesController#root as HTML
  Rendering static_pages/root.html.erb within layouts/application
  Rendered static_pages/root.html.erb within layouts/application (0.4ms)
  [1m[36mUser Load (0.4ms)[0m  [1m[34mSELECT  "users".* FROM "users" WHERE "users"."session_token" IS NULL LIMIT $1[0m  [["LIMIT", 1]]
  ↳ app/controllers/application_controller.rb:7
Completed 200 OK in 44ms (Views: 40.0ms | ActiveRecord: 0.4ms)


Started GET "/" for ::1 at 2020-12-08 17:56:03 -0800
Processing by StaticPagesController#root as HTML
  Rendering static_pages/root.html.erb within layouts/application
  Rendered static_pages/root.html.erb within layouts/application (0.5ms)
  [1m[36mUser Load (0.4ms)[0m  [1m[34mSELECT  "users".* FROM "users" WHERE "users"."session_token" IS NULL LIMIT $1[0m  [["LIMIT", 1]]
  ↳ app/controllers/application_controller.rb:7
Completed 200 OK in 56ms (Views: 52.4ms | ActiveRecord: 0.4ms)


Started GET "/" for ::1 at 2020-12-08 17:59:16 -0800
Processing by StaticPagesController#root as HTML
  Rendering static_pages/root.html.erb within layouts/application
  Rendered static_pages/root.html.erb within layouts/application (3.7ms)
  [1m[36mUser Load (2.2ms)[0m  [1m[34mSELECT  "users".* FROM "users" WHERE "users"."session_token" IS NULL LIMIT $1[0m  [["LIMIT", 1]]
  ↳ app/controllers/application_controller.rb:7
Completed 200 OK in 117ms (Views: 101.5ms | ActiveRecord: 2.2ms)


Started GET "/" for ::1 at 2020-12-08 17:59:18 -0800
Processing by StaticPagesController#root as HTML
  Rendering static_pages/root.html.erb within layouts/application
  Rendered static_pages/root.html.erb within layouts/application (0.4ms)
  [1m[36mUser Load (0.4ms)[0m  [1m[34mSELECT  "users".* FROM "users" WHERE "users"."session_token" IS NULL LIMIT $1[0m  [["LIMIT", 1]]
  ↳ app/controllers/application_controller.rb:7
Completed 200 OK in 35ms (Views: 31.9ms | ActiveRecord: 0.4ms)


Started GET "/" for ::1 at 2020-12-08 18:00:31 -0800
Processing by StaticPagesController#root as HTML
  Rendering static_pages/root.html.erb within layouts/application
  Rendered static_pages/root.html.erb within layouts/application (2.5ms)
  [1m[36mUser Load (0.7ms)[0m  [1m[34mSELECT  "users".* FROM "users" WHERE "users"."session_token" IS NULL LIMIT $1[0m  [["LIMIT", 1]]
  ↳ app/controllers/application_controller.rb:7
Completed 200 OK in 549ms (Views: 542.6ms | ActiveRecord: 0.7ms)


Started GET "/" for ::1 at 2020-12-08 18:01:44 -0800
Processing by StaticPagesController#root as HTML
  Rendering static_pages/root.html.erb within layouts/application
  Rendered static_pages/root.html.erb within layouts/application (2.4ms)
  [1m[36mUser Load (6.7ms)[0m  [1m[34mSELECT  "users".* FROM "users" WHERE "users"."session_token" IS NULL LIMIT $1[0m  [["LIMIT", 1]]
  ↳ app/controllers/application_controller.rb:7
Completed 200 OK in 433ms (Views: 412.8ms | ActiveRecord: 6.7ms)


Started GET "/" for ::1 at 2020-12-08 18:01:57 -0800
Processing by StaticPagesController#root as HTML
  Rendering static_pages/root.html.erb within layouts/application
  Rendered static_pages/root.html.erb within layouts/application (0.5ms)
  [1m[36mUser Load (4.6ms)[0m  [1m[34mSELECT  "users".* FROM "users" WHERE "users"."session_token" IS NULL LIMIT $1[0m  [["LIMIT", 1]]
  ↳ app/controllers/application_controller.rb:7
Completed 200 OK in 43ms (Views: 34.6ms | ActiveRecord: 4.6ms)


Started GET "/" for ::1 at 2020-12-08 18:02:57 -0800
Processing by StaticPagesController#root as HTML
  Rendering static_pages/root.html.erb within layouts/application
  Rendered static_pages/root.html.erb within layouts/application (2.9ms)
  [1m[36mUser Load (1.1ms)[0m  [1m[34mSELECT  "users".* FROM "users" WHERE "users"."session_token" IS NULL LIMIT $1[0m  [["LIMIT", 1]]
  ↳ app/controllers/application_controller.rb:7
Completed 200 OK in 496ms (Views: 485.2ms | ActiveRecord: 1.1ms)


Started GET "/" for ::1 at 2020-12-08 18:06:20 -0800
Processing by StaticPagesController#root as HTML
  Rendering static_pages/root.html.erb within layouts/application
  Rendered static_pages/root.html.erb within layouts/application (8.7ms)
  [1m[36mUser Load (4.6ms)[0m  [1m[34mSELECT  "users".* FROM "users" WHERE "users"."session_token" IS NULL LIMIT $1[0m  [["LIMIT", 1]]
  ↳ app/controllers/application_controller.rb:7
Completed 200 OK in 281ms (Views: 258.7ms | ActiveRecord: 4.6ms)


Started GET "/" for ::1 at 2020-12-08 18:06:36 -0800
Processing by StaticPagesController#root as HTML
  Rendering static_pages/root.html.erb within layouts/application
  Rendered static_pages/root.html.erb within layouts/application (0.9ms)
  [1m[36mUser Load (0.3ms)[0m  [1m[34mSELECT  "users".* FROM "users" WHERE "users"."session_token" IS NULL LIMIT $1[0m  [["LIMIT", 1]]
  ↳ app/controllers/application_controller.rb:7
Completed 200 OK in 79ms (Views: 75.6ms | ActiveRecord: 0.3ms)


